Building DAG of jobs...
Using shell: /usr/bin/bash
Provided cores: 1 (use --cores to define parallelism)
Rules claiming more threads will be scaled down.
Job stats:
job            count    min threads    max threads
-----------  -------  -------------  -------------
Check             17              1              1
DoJSON            17              1              1
GatherJsons        1              1              1
total             35              1              1

Select jobs to execute...

[Fri Mar  1 09:24:59 2024]
rule Check:
    input: /home/nikola/transfer/mici_princ/MP_10.exb, /home/nikola/transfer/mici_princ/MP_10.txt.txt, /home/nikola/transfer/mici_princ/MP_10.txt.json
    output: inspected_exbs_fixed/MP_10.exb
    jobid: 18
    reason: Forced execution
    wildcards: file=MP_10
    resources: tmpdir=/tmp

[Fri Mar  1 09:24:59 2024]
Finished job 18.
1 of 35 steps (3%) done
Select jobs to execute...

[Fri Mar  1 09:24:59 2024]
rule DoJSON:
    input: inspected_exbs_fixed/MP_10.exb, /home/nikola/transfer/mici_princ/MP_10.txt.txt, /home/nikola/transfer/mici_princ/MP_10.txt, /home/nikola/transfer/mici_princ/MP_10.txt.json
    output: aligned_jsons/MP_10.json
    jobid: 17
    reason: Input files updated by another job: inspected_exbs_fixed/MP_10.exb
    wildcards: file=MP_10
    resources: tmpdir=/tmp

[Fri Mar  1 09:25:00 2024]
Finished job 17.
2 of 35 steps (6%) done
Select jobs to execute...

[Fri Mar  1 09:25:00 2024]
rule Check:
    input: /home/nikola/transfer/mici_princ/MP_07.exb, /home/nikola/transfer/mici_princ/MP_07.txt.txt, /home/nikola/transfer/mici_princ/MP_07.txt.json
    output: inspected_exbs_fixed/MP_07.exb
    jobid: 28
    reason: Forced execution
    wildcards: file=MP_07
    resources: tmpdir=/tmp

[Fri Mar  1 09:25:00 2024]
Finished job 28.
3 of 35 steps (9%) done
Select jobs to execute...

[Fri Mar  1 09:25:00 2024]
rule DoJSON:
    input: inspected_exbs_fixed/MP_07.exb, /home/nikola/transfer/mici_princ/MP_07.txt.txt, /home/nikola/transfer/mici_princ/MP_07.txt, /home/nikola/transfer/mici_princ/MP_07.txt.json
    output: aligned_jsons/MP_07.json
    jobid: 27
    reason: Input files updated by another job: inspected_exbs_fixed/MP_07.exb
    wildcards: file=MP_07
    resources: tmpdir=/tmp

[Fri Mar  1 09:25:01 2024]
Finished job 27.
4 of 35 steps (11%) done
Select jobs to execute...

[Fri Mar  1 09:25:01 2024]
rule Check:
    input: /home/nikola/transfer/mici_princ/MP_13.exb, /home/nikola/transfer/mici_princ/MP_13.txt.txt, /home/nikola/transfer/mici_princ/MP_13.txt.json
    output: inspected_exbs_fixed/MP_13.exb
    jobid: 10
    reason: Forced execution
    wildcards: file=MP_13
    resources: tmpdir=/tmp

[Fri Mar  1 09:25:01 2024]
Finished job 10.
5 of 35 steps (14%) done
Select jobs to execute...

[Fri Mar  1 09:25:01 2024]
rule DoJSON:
    input: inspected_exbs_fixed/MP_13.exb, /home/nikola/transfer/mici_princ/MP_13.txt.txt, /home/nikola/transfer/mici_princ/MP_13.txt, /home/nikola/transfer/mici_princ/MP_13.txt.json
    output: aligned_jsons/MP_13.json
    jobid: 9
    reason: Input files updated by another job: inspected_exbs_fixed/MP_13.exb
    wildcards: file=MP_13
    resources: tmpdir=/tmp

[Fri Mar  1 09:25:02 2024]
Finished job 9.
6 of 35 steps (17%) done
Select jobs to execute...

[Fri Mar  1 09:25:02 2024]
rule Check:
    input: /home/nikola/transfer/mici_princ/MP_15.exb, /home/nikola/transfer/mici_princ/MP_15.txt.txt, /home/nikola/transfer/mici_princ/MP_15.txt.json
    output: inspected_exbs_fixed/MP_15.exb
    jobid: 6
    reason: Forced execution
    wildcards: file=MP_15
    resources: tmpdir=/tmp

[Fri Mar  1 09:25:02 2024]
Finished job 6.
7 of 35 steps (20%) done
Select jobs to execute...

[Fri Mar  1 09:25:02 2024]
rule DoJSON:
    input: inspected_exbs_fixed/MP_15.exb, /home/nikola/transfer/mici_princ/MP_15.txt.txt, /home/nikola/transfer/mici_princ/MP_15.txt, /home/nikola/transfer/mici_princ/MP_15.txt.json
    output: aligned_jsons/MP_15.json
    jobid: 5
    reason: Input files updated by another job: inspected_exbs_fixed/MP_15.exb
    wildcards: file=MP_15
    resources: tmpdir=/tmp

[Fri Mar  1 09:25:02 2024]
Finished job 5.
8 of 35 steps (23%) done
Select jobs to execute...

[Fri Mar  1 09:25:02 2024]
rule Check:
    input: /home/nikola/transfer/mici_princ/MP_04.exb, /home/nikola/transfer/mici_princ/MP_04.txt.txt, /home/nikola/transfer/mici_princ/MP_04.txt.json
    output: inspected_exbs_fixed/MP_04.exb
    jobid: 22
    reason: Forced execution
    wildcards: file=MP_04
    resources: tmpdir=/tmp

[Fri Mar  1 09:25:03 2024]
Finished job 22.
9 of 35 steps (26%) done
Select jobs to execute...

[Fri Mar  1 09:25:03 2024]
rule DoJSON:
    input: inspected_exbs_fixed/MP_04.exb, /home/nikola/transfer/mici_princ/MP_04.txt.txt, /home/nikola/transfer/mici_princ/MP_04.txt, /home/nikola/transfer/mici_princ/MP_04.txt.json
    output: aligned_jsons/MP_04.json
    jobid: 21
    reason: Input files updated by another job: inspected_exbs_fixed/MP_04.exb
    wildcards: file=MP_04
    resources: tmpdir=/tmp

[Fri Mar  1 09:25:03 2024]
Finished job 21.
10 of 35 steps (29%) done
Select jobs to execute...

[Fri Mar  1 09:25:03 2024]
rule Check:
    input: /home/nikola/transfer/mici_princ/MP_05.exb, /home/nikola/transfer/mici_princ/MP_05.txt.txt, /home/nikola/transfer/mici_princ/MP_05.txt.json
    output: inspected_exbs_fixed/MP_05.exb
    jobid: 14
    reason: Forced execution
    wildcards: file=MP_05
    resources: tmpdir=/tmp

[Fri Mar  1 09:25:03 2024]
Finished job 14.
11 of 35 steps (31%) done
Select jobs to execute...

[Fri Mar  1 09:25:03 2024]
rule DoJSON:
    input: inspected_exbs_fixed/MP_05.exb, /home/nikola/transfer/mici_princ/MP_05.txt.txt, /home/nikola/transfer/mici_princ/MP_05.txt, /home/nikola/transfer/mici_princ/MP_05.txt.json
    output: aligned_jsons/MP_05.json
    jobid: 13
    reason: Input files updated by another job: inspected_exbs_fixed/MP_05.exb
    wildcards: file=MP_05
    resources: tmpdir=/tmp

[Fri Mar  1 09:25:04 2024]
Finished job 13.
12 of 35 steps (34%) done
Select jobs to execute...

[Fri Mar  1 09:25:04 2024]
rule Check:
    input: /home/nikola/transfer/mici_princ/MP_14.exb, /home/nikola/transfer/mici_princ/MP_14.txt.txt, /home/nikola/transfer/mici_princ/MP_14.txt.json
    output: inspected_exbs_fixed/MP_14.exb
    jobid: 20
    reason: Forced execution
    wildcards: file=MP_14
    resources: tmpdir=/tmp

[Fri Mar  1 09:25:04 2024]
Finished job 20.
13 of 35 steps (37%) done
Select jobs to execute...

[Fri Mar  1 09:25:04 2024]
rule DoJSON:
    input: inspected_exbs_fixed/MP_14.exb, /home/nikola/transfer/mici_princ/MP_14.txt.txt, /home/nikola/transfer/mici_princ/MP_14.txt, /home/nikola/transfer/mici_princ/MP_14.txt.json
    output: aligned_jsons/MP_14.json
    jobid: 19
    reason: Input files updated by another job: inspected_exbs_fixed/MP_14.exb
    wildcards: file=MP_14
    resources: tmpdir=/tmp

[Fri Mar  1 09:25:05 2024]
Finished job 19.
14 of 35 steps (40%) done
Select jobs to execute...

[Fri Mar  1 09:25:05 2024]
rule Check:
    input: /home/nikola/transfer/mici_princ/MP_25.exb, /home/nikola/transfer/mici_princ/MP_25.txt.txt, /home/nikola/transfer/mici_princ/MP_25.txt.json
    output: inspected_exbs_fixed/MP_25.exb
    jobid: 24
    reason: Forced execution
    wildcards: file=MP_25
    resources: tmpdir=/tmp

[Fri Mar  1 09:25:05 2024]
Finished job 24.
15 of 35 steps (43%) done
Select jobs to execute...

[Fri Mar  1 09:25:05 2024]
rule DoJSON:
    input: inspected_exbs_fixed/MP_25.exb, /home/nikola/transfer/mici_princ/MP_25.txt.txt, /home/nikola/transfer/mici_princ/MP_25.txt, /home/nikola/transfer/mici_princ/MP_25.txt.json
    output: aligned_jsons/MP_25.json
    jobid: 23
    reason: Input files updated by another job: inspected_exbs_fixed/MP_25.exb
    wildcards: file=MP_25
    resources: tmpdir=/tmp

[Fri Mar  1 09:25:05 2024]
Finished job 23.
16 of 35 steps (46%) done
Select jobs to execute...

[Fri Mar  1 09:25:05 2024]
rule Check:
    input: /home/nikola/transfer/mici_princ/MP_08.exb, /home/nikola/transfer/mici_princ/MP_08.txt.txt, /home/nikola/transfer/mici_princ/MP_08.txt.json
    output: inspected_exbs_fixed/MP_08.exb
    jobid: 8
    reason: Forced execution
    wildcards: file=MP_08
    resources: tmpdir=/tmp

[Fri Mar  1 09:25:06 2024]
Finished job 8.
17 of 35 steps (49%) done
Select jobs to execute...

[Fri Mar  1 09:25:06 2024]
rule DoJSON:
    input: inspected_exbs_fixed/MP_08.exb, /home/nikola/transfer/mici_princ/MP_08.txt.txt, /home/nikola/transfer/mici_princ/MP_08.txt, /home/nikola/transfer/mici_princ/MP_08.txt.json
    output: aligned_jsons/MP_08.json
    jobid: 7
    reason: Input files updated by another job: inspected_exbs_fixed/MP_08.exb
    wildcards: file=MP_08
    resources: tmpdir=/tmp

[Fri Mar  1 09:25:06 2024]
Finished job 7.
18 of 35 steps (51%) done
Select jobs to execute...

[Fri Mar  1 09:25:06 2024]
rule Check:
    input: /home/nikola/transfer/mici_princ/MP_02.exb, /home/nikola/transfer/mici_princ/MP_02.txt.txt, /home/nikola/transfer/mici_princ/MP_02.txt.json
    output: inspected_exbs_fixed/MP_02.exb
    jobid: 34
    reason: Forced execution
    wildcards: file=MP_02
    resources: tmpdir=/tmp

[Fri Mar  1 09:25:06 2024]
Finished job 34.
19 of 35 steps (54%) done
Select jobs to execute...

[Fri Mar  1 09:25:06 2024]
rule DoJSON:
    input: inspected_exbs_fixed/MP_02.exb, /home/nikola/transfer/mici_princ/MP_02.txt.txt, /home/nikola/transfer/mici_princ/MP_02.txt, /home/nikola/transfer/mici_princ/MP_02.txt.json
    output: aligned_jsons/MP_02.json
    jobid: 33
    reason: Input files updated by another job: inspected_exbs_fixed/MP_02.exb
    wildcards: file=MP_02
    resources: tmpdir=/tmp

[Fri Mar  1 09:25:07 2024]
Finished job 33.
20 of 35 steps (57%) done
Select jobs to execute...

[Fri Mar  1 09:25:07 2024]
rule Check:
    input: /home/nikola/transfer/mici_princ/MP_01.exb, /home/nikola/transfer/mici_princ/MP_01.txt.txt, /home/nikola/transfer/mici_princ/MP_01.txt.json
    output: inspected_exbs_fixed/MP_01.exb
    jobid: 26
    reason: Forced execution
    wildcards: file=MP_01
    resources: tmpdir=/tmp

[Fri Mar  1 09:25:07 2024]
Finished job 26.
21 of 35 steps (60%) done
Select jobs to execute...

[Fri Mar  1 09:25:07 2024]
rule DoJSON:
    input: inspected_exbs_fixed/MP_01.exb, /home/nikola/transfer/mici_princ/MP_01.txt.txt, /home/nikola/transfer/mici_princ/MP_01.txt, /home/nikola/transfer/mici_princ/MP_01.txt.json
    output: aligned_jsons/MP_01.json
    jobid: 25
    reason: Input files updated by another job: inspected_exbs_fixed/MP_01.exb
    wildcards: file=MP_01
    resources: tmpdir=/tmp

[Fri Mar  1 09:25:07 2024]
Finished job 25.
22 of 35 steps (63%) done
Select jobs to execute...

[Fri Mar  1 09:25:07 2024]
rule Check:
    input: /home/nikola/transfer/mici_princ/MP_09.exb, /home/nikola/transfer/mici_princ/MP_09.txt.txt, /home/nikola/transfer/mici_princ/MP_09.txt.json
    output: inspected_exbs_fixed/MP_09.exb
    jobid: 30
    reason: Forced execution
    wildcards: file=MP_09
    resources: tmpdir=/tmp

[Fri Mar  1 09:25:08 2024]
Finished job 30.
23 of 35 steps (66%) done
Select jobs to execute...

[Fri Mar  1 09:25:08 2024]
rule DoJSON:
    input: inspected_exbs_fixed/MP_09.exb, /home/nikola/transfer/mici_princ/MP_09.txt.txt, /home/nikola/transfer/mici_princ/MP_09.txt, /home/nikola/transfer/mici_princ/MP_09.txt.json
    output: aligned_jsons/MP_09.json
    jobid: 29
    reason: Input files updated by another job: inspected_exbs_fixed/MP_09.exb
    wildcards: file=MP_09
    resources: tmpdir=/tmp

[Fri Mar  1 09:25:08 2024]
Finished job 29.
24 of 35 steps (69%) done
Select jobs to execute...

[Fri Mar  1 09:25:08 2024]
rule Check:
    input: /home/nikola/transfer/mici_princ/MP_03.exb, /home/nikola/transfer/mici_princ/MP_03.txt.txt, /home/nikola/transfer/mici_princ/MP_03.txt.json
    output: inspected_exbs_fixed/MP_03.exb
    jobid: 2
    reason: Forced execution
    wildcards: file=MP_03
    resources: tmpdir=/tmp

[Fri Mar  1 09:25:08 2024]
Finished job 2.
25 of 35 steps (71%) done
Select jobs to execute...

[Fri Mar  1 09:25:08 2024]
rule DoJSON:
    input: inspected_exbs_fixed/MP_03.exb, /home/nikola/transfer/mici_princ/MP_03.txt.txt, /home/nikola/transfer/mici_princ/MP_03.txt, /home/nikola/transfer/mici_princ/MP_03.txt.json
    output: aligned_jsons/MP_03.json
    jobid: 1
    reason: Input files updated by another job: inspected_exbs_fixed/MP_03.exb
    wildcards: file=MP_03
    resources: tmpdir=/tmp

[Fri Mar  1 09:25:09 2024]
Finished job 1.
26 of 35 steps (74%) done
Select jobs to execute...

[Fri Mar  1 09:25:09 2024]
rule Check:
    input: /home/nikola/transfer/mici_princ/MP_11.exb, /home/nikola/transfer/mici_princ/MP_11.txt.txt, /home/nikola/transfer/mici_princ/MP_11.txt.json
    output: inspected_exbs_fixed/MP_11.exb
    jobid: 32
    reason: Forced execution
    wildcards: file=MP_11
    resources: tmpdir=/tmp

[Fri Mar  1 09:25:09 2024]
Finished job 32.
27 of 35 steps (77%) done
Select jobs to execute...

[Fri Mar  1 09:25:09 2024]
rule DoJSON:
    input: inspected_exbs_fixed/MP_11.exb, /home/nikola/transfer/mici_princ/MP_11.txt.txt, /home/nikola/transfer/mici_princ/MP_11.txt, /home/nikola/transfer/mici_princ/MP_11.txt.json
    output: aligned_jsons/MP_11.json
    jobid: 31
    reason: Input files updated by another job: inspected_exbs_fixed/MP_11.exb
    wildcards: file=MP_11
    resources: tmpdir=/tmp

[Fri Mar  1 09:25:10 2024]
Finished job 31.
28 of 35 steps (80%) done
Select jobs to execute...

[Fri Mar  1 09:25:10 2024]
rule Check:
    input: /home/nikola/transfer/mici_princ/MP_00.exb, /home/nikola/transfer/mici_princ/MP_00.txt.txt, /home/nikola/transfer/mici_princ/MP_00.txt.json
    output: inspected_exbs_fixed/MP_00.exb
    jobid: 16
    reason: Forced execution
    wildcards: file=MP_00
    resources: tmpdir=/tmp

[Fri Mar  1 09:25:10 2024]
Finished job 16.
29 of 35 steps (83%) done
Select jobs to execute...

[Fri Mar  1 09:25:10 2024]
rule DoJSON:
    input: inspected_exbs_fixed/MP_00.exb, /home/nikola/transfer/mici_princ/MP_00.txt.txt, /home/nikola/transfer/mici_princ/MP_00.txt, /home/nikola/transfer/mici_princ/MP_00.txt.json
    output: aligned_jsons/MP_00.json
    jobid: 15
    reason: Input files updated by another job: inspected_exbs_fixed/MP_00.exb
    wildcards: file=MP_00
    resources: tmpdir=/tmp

[Fri Mar  1 09:25:10 2024]
Finished job 15.
30 of 35 steps (86%) done
Select jobs to execute...

[Fri Mar  1 09:25:10 2024]
rule Check:
    input: /home/nikola/transfer/mici_princ/MP_06.exb, /home/nikola/transfer/mici_princ/MP_06.txt.txt, /home/nikola/transfer/mici_princ/MP_06.txt.json
    output: inspected_exbs_fixed/MP_06.exb
    jobid: 12
    reason: Forced execution
    wildcards: file=MP_06
    resources: tmpdir=/tmp

[Fri Mar  1 09:25:11 2024]
Finished job 12.
31 of 35 steps (89%) done
Select jobs to execute...

[Fri Mar  1 09:25:11 2024]
rule DoJSON:
    input: inspected_exbs_fixed/MP_06.exb, /home/nikola/transfer/mici_princ/MP_06.txt.txt, /home/nikola/transfer/mici_princ/MP_06.txt, /home/nikola/transfer/mici_princ/MP_06.txt.json
    output: aligned_jsons/MP_06.json
    jobid: 11
    reason: Input files updated by another job: inspected_exbs_fixed/MP_06.exb
    wildcards: file=MP_06
    resources: tmpdir=/tmp

[Fri Mar  1 09:25:11 2024]
Finished job 11.
32 of 35 steps (91%) done
Select jobs to execute...

[Fri Mar  1 09:25:11 2024]
rule Check:
    input: /home/nikola/transfer/mici_princ/MP_12.exb, /home/nikola/transfer/mici_princ/MP_12.txt.txt, /home/nikola/transfer/mici_princ/MP_12.txt.json
    output: inspected_exbs_fixed/MP_12.exb
    jobid: 4
    reason: Forced execution
    wildcards: file=MP_12
    resources: tmpdir=/tmp

[Fri Mar  1 09:25:11 2024]
Finished job 4.
33 of 35 steps (94%) done
Select jobs to execute...

[Fri Mar  1 09:25:11 2024]
rule DoJSON:
    input: inspected_exbs_fixed/MP_12.exb, /home/nikola/transfer/mici_princ/MP_12.txt.txt, /home/nikola/transfer/mici_princ/MP_12.txt, /home/nikola/transfer/mici_princ/MP_12.txt.json
    output: aligned_jsons/MP_12.json
    jobid: 3
    reason: Input files updated by another job: inspected_exbs_fixed/MP_12.exb
    wildcards: file=MP_12
    resources: tmpdir=/tmp

[Fri Mar  1 09:25:12 2024]
Finished job 3.
34 of 35 steps (97%) done
Select jobs to execute...

[Fri Mar  1 09:25:12 2024]
localrule GatherJsons:
    input: aligned_jsons/MP_03.json, aligned_jsons/MP_12.json, aligned_jsons/MP_15.json, aligned_jsons/MP_08.json, aligned_jsons/MP_13.json, aligned_jsons/MP_06.json, aligned_jsons/MP_05.json, aligned_jsons/MP_00.json, aligned_jsons/MP_10.json, aligned_jsons/MP_14.json, aligned_jsons/MP_04.json, aligned_jsons/MP_25.json, aligned_jsons/MP_01.json, aligned_jsons/MP_07.json, aligned_jsons/MP_09.json, aligned_jsons/MP_11.json, aligned_jsons/MP_02.json
    jobid: 0
    reason: Input files updated by another job: aligned_jsons/MP_00.json, aligned_jsons/MP_06.json, aligned_jsons/MP_25.json, aligned_jsons/MP_11.json, aligned_jsons/MP_13.json, aligned_jsons/MP_03.json, aligned_jsons/MP_02.json, aligned_jsons/MP_05.json, aligned_jsons/MP_04.json, aligned_jsons/MP_14.json, aligned_jsons/MP_01.json, aligned_jsons/MP_08.json, aligned_jsons/MP_10.json, aligned_jsons/MP_07.json, aligned_jsons/MP_15.json, aligned_jsons/MP_12.json, aligned_jsons/MP_09.json
    resources: tmpdir=/tmp

[Fri Mar  1 09:25:12 2024]
Finished job 0.
35 of 35 steps (100%) done
Complete log: .snakemake/log/2024-03-01T092459.425795.snakemake.log
