Building DAG of jobs...
Using shell: /usr/bin/bash
Provided cores: 1 (use --cores to define parallelism)
Rules claiming more threads will be scaled down.
Job stats:
job       count    min threads    max threads
------  -------  -------------  -------------
Check         6              1              1
Gather        1              1              1
total         7              1              1

Select jobs to execute...

[Thu Feb 29 12:36:21 2024]
rule Check:
    input: /home/nikola/transfer/mici_princ/MP_09.exb, /home/nikola/transfer/mici_princ/MP_09.txt.txt, /home/nikola/transfer/mici_princ/MP_09.txt.json
    output: inspected_exbs_fixed/MP_09.exb
    jobid: 15
    reason: Missing output files: inspected_exbs_fixed/MP_09.exb
    wildcards: file=MP_09
    resources: tmpdir=/tmp

Waiting at most 5 seconds for missing files.
MissingOutputException in rule Check in file /home/rupnik/mici_princ/snakefile, line 9:
Job 15  completed successfully, but some output files are missing. Missing files after 5 seconds. This might be due to filesystem latency. If that is the case, consider to increase the wait time with --latency-wait:
inspected_exbs_fixed/MP_09.exb
Select jobs to execute...

[Thu Feb 29 12:36:26 2024]
rule Check:
    input: /home/nikola/transfer/mici_princ/MP_03.exb, /home/nikola/transfer/mici_princ/MP_03.txt.txt, /home/nikola/transfer/mici_princ/MP_03.txt.json
    output: inspected_exbs_fixed/MP_03.exb
    jobid: 1
    reason: Missing output files: inspected_exbs_fixed/MP_03.exb
    wildcards: file=MP_03
    resources: tmpdir=/tmp

[Thu Feb 29 12:36:27 2024]
Finished job 1.
1 of 7 steps (14%) done
Select jobs to execute...

[Thu Feb 29 12:36:27 2024]
rule Check:
    input: /home/nikola/transfer/mici_princ/MP_11.exb, /home/nikola/transfer/mici_princ/MP_11.txt.txt, /home/nikola/transfer/mici_princ/MP_11.txt.json
    output: inspected_exbs_fixed/MP_11.exb
    jobid: 16
    reason: Missing output files: inspected_exbs_fixed/MP_11.exb
    wildcards: file=MP_11
    resources: tmpdir=/tmp

[Thu Feb 29 12:36:27 2024]
Finished job 16.
2 of 7 steps (29%) done
Select jobs to execute...

[Thu Feb 29 12:36:27 2024]
rule Check:
    input: /home/nikola/transfer/mici_princ/MP_00.exb, /home/nikola/transfer/mici_princ/MP_00.txt.txt, /home/nikola/transfer/mici_princ/MP_00.txt.json
    output: inspected_exbs_fixed/MP_00.exb
    jobid: 8
    reason: Missing output files: inspected_exbs_fixed/MP_00.exb
    wildcards: file=MP_00
    resources: tmpdir=/tmp

[Thu Feb 29 12:36:27 2024]
Finished job 8.
3 of 7 steps (43%) done
Select jobs to execute...

[Thu Feb 29 12:36:27 2024]
rule Check:
    input: /home/nikola/transfer/mici_princ/MP_06.exb, /home/nikola/transfer/mici_princ/MP_06.txt.txt, /home/nikola/transfer/mici_princ/MP_06.txt.json
    output: inspected_exbs_fixed/MP_06.exb
    jobid: 6
    reason: Missing output files: inspected_exbs_fixed/MP_06.exb
    wildcards: file=MP_06
    resources: tmpdir=/tmp

[Thu Feb 29 12:36:27 2024]
Finished job 6.
4 of 7 steps (57%) done
Select jobs to execute...

[Thu Feb 29 12:36:27 2024]
rule Check:
    input: /home/nikola/transfer/mici_princ/MP_12.exb, /home/nikola/transfer/mici_princ/MP_12.txt.txt, /home/nikola/transfer/mici_princ/MP_12.txt.json
    output: inspected_exbs_fixed/MP_12.exb
    jobid: 2
    reason: Missing output files: inspected_exbs_fixed/MP_12.exb
    wildcards: file=MP_12
    resources: tmpdir=/tmp

[Thu Feb 29 12:36:27 2024]
Finished job 2.
5 of 7 steps (71%) done
Exiting because a job execution failed. Look above for error message
Complete log: .snakemake/log/2024-02-29T123621.421481.snakemake.log
