Building DAG of jobs...
Using shell: /usr/bin/bash
Provided cores: 1 (use --cores to define parallelism)
Rules claiming more threads will be scaled down.
Job stats:
job            count    min threads    max threads
-----------  -------  -------------  -------------
Check              1              1              1
DoJSON             4              1              1
GatherJsons        1              1              1
total              6              1              1

Select jobs to execute...

[Sat Mar  2 09:39:28 2024]
rule Check:
    input: /home/nikola/transfer/mici_princ/MP_22.exb, /home/nikola/transfer/mici_princ/MP_22.txt.txt, /home/nikola/transfer/mici_princ/MP_22.txt.json
    output: inspected_exbs_fixed/MP_22.exb
    jobid: 18
    reason: Missing output files: inspected_exbs_fixed/MP_22.exb
    wildcards: file=MP_22
    resources: tmpdir=/tmp

Waiting at most 5 seconds for missing files.
MissingOutputException in rule Check in file /home/rupnik/mici_princ/snakefile, line 9:
Job 18  completed successfully, but some output files are missing. Missing files after 5 seconds. This might be due to filesystem latency. If that is the case, consider to increase the wait time with --latency-wait:
inspected_exbs_fixed/MP_22.exb
Select jobs to execute...

[Sat Mar  2 09:39:34 2024]
rule DoJSON:
    input: inspected_exbs_fixed/MP_23.exb, /home/nikola/transfer/mici_princ/MP_23.txt.txt, /home/nikola/transfer/mici_princ/MP_23.txt, /home/nikola/transfer/mici_princ/MP_23.txt.json
    output: aligned_jsons/MP_23.json
    jobid: 23
    reason: Missing output files: aligned_jsons/MP_23.json
    wildcards: file=MP_23
    resources: tmpdir=/tmp

[Sat Mar  2 09:39:34 2024]
Finished job 23.
1 of 6 steps (17%) done
Select jobs to execute...

[Sat Mar  2 09:39:34 2024]
rule DoJSON:
    input: inspected_exbs_fixed/MP_28.exb, /home/nikola/transfer/mici_princ/MP_28.txt.txt, /home/nikola/transfer/mici_princ/MP_28.txt, /home/nikola/transfer/mici_princ/MP_28.txt.json
    output: aligned_jsons/MP_28.json
    jobid: 29
    reason: Missing output files: aligned_jsons/MP_28.json
    wildcards: file=MP_28
    resources: tmpdir=/tmp

[Sat Mar  2 09:39:35 2024]
Finished job 29.
2 of 6 steps (33%) done
Select jobs to execute...

[Sat Mar  2 09:39:35 2024]
rule DoJSON:
    input: inspected_exbs_fixed/MP_12.exb, /home/nikola/transfer/mici_princ/MP_12.txt.txt, /home/nikola/transfer/mici_princ/MP_12.txt, /home/nikola/transfer/mici_princ/MP_12.txt.json
    output: aligned_jsons/MP_12.json
    jobid: 3
    reason: Missing output files: aligned_jsons/MP_12.json
    wildcards: file=MP_12
    resources: tmpdir=/tmp

[Sat Mar  2 09:39:35 2024]
Finished job 3.
3 of 6 steps (50%) done
Exiting because a job execution failed. Look above for error message
Complete log: .snakemake/log/2024-03-02T093928.576668.snakemake.log
