Building DAG of jobs...
Using shell: /usr/bin/bash
Provided cores: 1 (use --cores to define parallelism)
Rules claiming more threads will be scaled down.
Job stats:
job       count    min threads    max threads
------  -------  -------------  -------------
Check        17              1              1
Gather        1              1              1
total        18              1              1

Select jobs to execute...

[Thu Feb 29 13:29:30 2024]
rule Check:
    input: /home/nikola/transfer/mici_princ/MP_10.exb, /home/nikola/transfer/mici_princ/MP_10.txt.txt, /home/nikola/transfer/mici_princ/MP_10.txt.json
    output: inspected_exbs_fixed/MP_10.exb
    jobid: 9
    reason: Forced execution
    wildcards: file=MP_10
    resources: tmpdir=/tmp

[Thu Feb 29 13:29:30 2024]
Finished job 9.
1 of 18 steps (6%) done
Select jobs to execute...

[Thu Feb 29 13:29:30 2024]
rule Check:
    input: /home/nikola/transfer/mici_princ/MP_07.exb, /home/nikola/transfer/mici_princ/MP_07.txt.txt, /home/nikola/transfer/mici_princ/MP_07.txt.json
    output: inspected_exbs_fixed/MP_07.exb
    jobid: 14
    reason: Forced execution
    wildcards: file=MP_07
    resources: tmpdir=/tmp

[Thu Feb 29 13:29:30 2024]
Finished job 14.
2 of 18 steps (11%) done
Select jobs to execute...

[Thu Feb 29 13:29:30 2024]
rule Check:
    input: /home/nikola/transfer/mici_princ/MP_13.exb, /home/nikola/transfer/mici_princ/MP_13.txt.txt, /home/nikola/transfer/mici_princ/MP_13.txt.json
    output: inspected_exbs_fixed/MP_13.exb
    jobid: 5
    reason: Forced execution
    wildcards: file=MP_13
    resources: tmpdir=/tmp

[Thu Feb 29 13:29:30 2024]
Finished job 5.
3 of 18 steps (17%) done
Select jobs to execute...

[Thu Feb 29 13:29:30 2024]
rule Check:
    input: /home/nikola/transfer/mici_princ/MP_15.exb, /home/nikola/transfer/mici_princ/MP_15.txt.txt, /home/nikola/transfer/mici_princ/MP_15.txt.json
    output: inspected_exbs_fixed/MP_15.exb
    jobid: 3
    reason: Forced execution
    wildcards: file=MP_15
    resources: tmpdir=/tmp

[Thu Feb 29 13:29:30 2024]
Finished job 3.
4 of 18 steps (22%) done
Select jobs to execute...

[Thu Feb 29 13:29:30 2024]
rule Check:
    input: /home/nikola/transfer/mici_princ/MP_04.exb, /home/nikola/transfer/mici_princ/MP_04.txt.txt, /home/nikola/transfer/mici_princ/MP_04.txt.json
    output: inspected_exbs_fixed/MP_04.exb
    jobid: 11
    reason: Forced execution
    wildcards: file=MP_04
    resources: tmpdir=/tmp

[Thu Feb 29 13:29:31 2024]
Finished job 11.
5 of 18 steps (28%) done
Select jobs to execute...

[Thu Feb 29 13:29:31 2024]
rule Check:
    input: /home/nikola/transfer/mici_princ/MP_05.exb, /home/nikola/transfer/mici_princ/MP_05.txt.txt, /home/nikola/transfer/mici_princ/MP_05.txt.json
    output: inspected_exbs_fixed/MP_05.exb
    jobid: 7
    reason: Forced execution
    wildcards: file=MP_05
    resources: tmpdir=/tmp

[Thu Feb 29 13:29:31 2024]
Finished job 7.
6 of 18 steps (33%) done
Select jobs to execute...

[Thu Feb 29 13:29:31 2024]
rule Check:
    input: /home/nikola/transfer/mici_princ/MP_14.exb, /home/nikola/transfer/mici_princ/MP_14.txt.txt, /home/nikola/transfer/mici_princ/MP_14.txt.json
    output: inspected_exbs_fixed/MP_14.exb
    jobid: 10
    reason: Forced execution
    wildcards: file=MP_14
    resources: tmpdir=/tmp

[Thu Feb 29 13:29:31 2024]
Finished job 10.
7 of 18 steps (39%) done
Select jobs to execute...

[Thu Feb 29 13:29:31 2024]
rule Check:
    input: /home/nikola/transfer/mici_princ/MP_25.exb, /home/nikola/transfer/mici_princ/MP_25.txt.txt, /home/nikola/transfer/mici_princ/MP_25.txt.json
    output: inspected_exbs_fixed/MP_25.exb
    jobid: 12
    reason: Forced execution
    wildcards: file=MP_25
    resources: tmpdir=/tmp

[Thu Feb 29 13:29:31 2024]
Finished job 12.
8 of 18 steps (44%) done
Select jobs to execute...

[Thu Feb 29 13:29:31 2024]
rule Check:
    input: /home/nikola/transfer/mici_princ/MP_08.exb, /home/nikola/transfer/mici_princ/MP_08.txt.txt, /home/nikola/transfer/mici_princ/MP_08.txt.json
    output: inspected_exbs_fixed/MP_08.exb
    jobid: 4
    reason: Forced execution
    wildcards: file=MP_08
    resources: tmpdir=/tmp

[Thu Feb 29 13:29:32 2024]
Finished job 4.
9 of 18 steps (50%) done
Select jobs to execute...

[Thu Feb 29 13:29:32 2024]
rule Check:
    input: /home/nikola/transfer/mici_princ/MP_02.exb, /home/nikola/transfer/mici_princ/MP_02.txt.txt, /home/nikola/transfer/mici_princ/MP_02.txt.json
    output: inspected_exbs_fixed/MP_02.exb
    jobid: 17
    reason: Forced execution
    wildcards: file=MP_02
    resources: tmpdir=/tmp

[Thu Feb 29 13:29:32 2024]
Finished job 17.
10 of 18 steps (56%) done
Select jobs to execute...

[Thu Feb 29 13:29:32 2024]
rule Check:
    input: /home/nikola/transfer/mici_princ/MP_01.exb, /home/nikola/transfer/mici_princ/MP_01.txt.txt, /home/nikola/transfer/mici_princ/MP_01.txt.json
    output: inspected_exbs_fixed/MP_01.exb
    jobid: 13
    reason: Forced execution
    wildcards: file=MP_01
    resources: tmpdir=/tmp

[Thu Feb 29 13:29:32 2024]
Finished job 13.
11 of 18 steps (61%) done
Select jobs to execute...

[Thu Feb 29 13:29:32 2024]
rule Check:
    input: /home/nikola/transfer/mici_princ/MP_09.exb, /home/nikola/transfer/mici_princ/MP_09.txt.txt, /home/nikola/transfer/mici_princ/MP_09.txt.json
    output: inspected_exbs_fixed/MP_09.exb
    jobid: 15
    reason: Forced execution
    wildcards: file=MP_09
    resources: tmpdir=/tmp

[Thu Feb 29 13:29:32 2024]
Finished job 15.
12 of 18 steps (67%) done
Select jobs to execute...

[Thu Feb 29 13:29:32 2024]
rule Check:
    input: /home/nikola/transfer/mici_princ/MP_03.exb, /home/nikola/transfer/mici_princ/MP_03.txt.txt, /home/nikola/transfer/mici_princ/MP_03.txt.json
    output: inspected_exbs_fixed/MP_03.exb
    jobid: 1
    reason: Forced execution
    wildcards: file=MP_03
    resources: tmpdir=/tmp

[Thu Feb 29 13:29:32 2024]
Finished job 1.
13 of 18 steps (72%) done
Select jobs to execute...

[Thu Feb 29 13:29:32 2024]
rule Check:
    input: /home/nikola/transfer/mici_princ/MP_11.exb, /home/nikola/transfer/mici_princ/MP_11.txt.txt, /home/nikola/transfer/mici_princ/MP_11.txt.json
    output: inspected_exbs_fixed/MP_11.exb
    jobid: 16
    reason: Forced execution
    wildcards: file=MP_11
    resources: tmpdir=/tmp

[Thu Feb 29 13:29:33 2024]
Finished job 16.
14 of 18 steps (78%) done
Select jobs to execute...

[Thu Feb 29 13:29:33 2024]
rule Check:
    input: /home/nikola/transfer/mici_princ/MP_00.exb, /home/nikola/transfer/mici_princ/MP_00.txt.txt, /home/nikola/transfer/mici_princ/MP_00.txt.json
    output: inspected_exbs_fixed/MP_00.exb
    jobid: 8
    reason: Forced execution
    wildcards: file=MP_00
    resources: tmpdir=/tmp

[Thu Feb 29 13:29:33 2024]
Finished job 8.
15 of 18 steps (83%) done
Select jobs to execute...

[Thu Feb 29 13:29:33 2024]
rule Check:
    input: /home/nikola/transfer/mici_princ/MP_06.exb, /home/nikola/transfer/mici_princ/MP_06.txt.txt, /home/nikola/transfer/mici_princ/MP_06.txt.json
    output: inspected_exbs_fixed/MP_06.exb
    jobid: 6
    reason: Forced execution
    wildcards: file=MP_06
    resources: tmpdir=/tmp

[Thu Feb 29 13:29:33 2024]
Finished job 6.
16 of 18 steps (89%) done
Select jobs to execute...

[Thu Feb 29 13:29:33 2024]
rule Check:
    input: /home/nikola/transfer/mici_princ/MP_12.exb, /home/nikola/transfer/mici_princ/MP_12.txt.txt, /home/nikola/transfer/mici_princ/MP_12.txt.json
    output: inspected_exbs_fixed/MP_12.exb
    jobid: 2
    reason: Forced execution
    wildcards: file=MP_12
    resources: tmpdir=/tmp

[Thu Feb 29 13:29:33 2024]
Finished job 2.
17 of 18 steps (94%) done
Select jobs to execute...

[Thu Feb 29 13:29:33 2024]
localrule Gather:
    input: inspected_exbs_fixed/MP_03.exb, inspected_exbs_fixed/MP_12.exb, inspected_exbs_fixed/MP_15.exb, inspected_exbs_fixed/MP_08.exb, inspected_exbs_fixed/MP_13.exb, inspected_exbs_fixed/MP_06.exb, inspected_exbs_fixed/MP_05.exb, inspected_exbs_fixed/MP_00.exb, inspected_exbs_fixed/MP_10.exb, inspected_exbs_fixed/MP_14.exb, inspected_exbs_fixed/MP_04.exb, inspected_exbs_fixed/MP_25.exb, inspected_exbs_fixed/MP_01.exb, inspected_exbs_fixed/MP_07.exb, inspected_exbs_fixed/MP_09.exb, inspected_exbs_fixed/MP_11.exb, inspected_exbs_fixed/MP_02.exb
    jobid: 0
    reason: Input files updated by another job: inspected_exbs_fixed/MP_25.exb, inspected_exbs_fixed/MP_14.exb, inspected_exbs_fixed/MP_03.exb, inspected_exbs_fixed/MP_00.exb, inspected_exbs_fixed/MP_02.exb, inspected_exbs_fixed/MP_05.exb, inspected_exbs_fixed/MP_15.exb, inspected_exbs_fixed/MP_11.exb, inspected_exbs_fixed/MP_07.exb, inspected_exbs_fixed/MP_10.exb, inspected_exbs_fixed/MP_01.exb, inspected_exbs_fixed/MP_04.exb, inspected_exbs_fixed/MP_12.exb, inspected_exbs_fixed/MP_09.exb, inspected_exbs_fixed/MP_06.exb, inspected_exbs_fixed/MP_08.exb, inspected_exbs_fixed/MP_13.exb
    resources: tmpdir=/tmp

[Thu Feb 29 13:29:33 2024]
Finished job 0.
18 of 18 steps (100%) done
Complete log: .snakemake/log/2024-02-29T132929.965856.snakemake.log
