Building DAG of jobs...
Using shell: /usr/bin/bash
Provided cores: 10
Rules claiming more threads will be scaled down.
Job stats:
job            count    min threads    max threads
-----------  -------  -------------  -------------
Check             29              1              1
DoJSON            29              1              1
GatherJsons        1              1              1
total             59              1              1

Select jobs to execute...

[Sat Mar  2 09:38:19 2024]
rule Check:
    input: /home/nikola/transfer/mici_princ/MP_10.exb, /home/nikola/transfer/mici_princ/MP_10.txt.txt, /home/nikola/transfer/mici_princ/MP_10.txt.json
    output: inspected_exbs_fixed/MP_10.exb
    jobid: 38
    reason: Code has changed since last execution
    wildcards: file=MP_10
    resources: tmpdir=/tmp

[Sat Mar  2 09:38:19 2024]
rule Check:
    input: /home/nikola/transfer/mici_princ/MP_14.exb, /home/nikola/transfer/mici_princ/MP_14.txt.txt, /home/nikola/transfer/mici_princ/MP_14.txt.json
    output: inspected_exbs_fixed/MP_14.exb
    jobid: 40
    reason: Code has changed since last execution
    wildcards: file=MP_14
    resources: tmpdir=/tmp

[Sat Mar  2 09:38:19 2024]
rule Check:
    input: /home/nikola/transfer/mici_princ/MP_04.exb, /home/nikola/transfer/mici_princ/MP_04.txt.txt, /home/nikola/transfer/mici_princ/MP_04.txt.json
    output: inspected_exbs_fixed/MP_04.exb
    jobid: 42
    reason: Code has changed since last execution
    wildcards: file=MP_04
    resources: tmpdir=/tmp

[Sat Mar  2 09:38:19 2024]
rule Check:
    input: /home/nikola/transfer/mici_princ/MP_13.exb, /home/nikola/transfer/mici_princ/MP_13.txt.txt, /home/nikola/transfer/mici_princ/MP_13.txt.json
    output: inspected_exbs_fixed/MP_13.exb
    jobid: 12
    reason: Code has changed since last execution
    wildcards: file=MP_13
    resources: tmpdir=/tmp

[Sat Mar  2 09:38:19 2024]
rule Check:
    input: /home/nikola/transfer/mici_princ/MP_25.exb, /home/nikola/transfer/mici_princ/MP_25.txt.txt, /home/nikola/transfer/mici_princ/MP_25.txt.json
    output: inspected_exbs_fixed/MP_25.exb
    jobid: 44
    reason: Updated input files: /home/nikola/transfer/mici_princ/MP_25.exb
    wildcards: file=MP_25
    resources: tmpdir=/tmp

[Sat Mar  2 09:38:19 2024]
rule Check:
    input: /home/nikola/transfer/mici_princ/MP_21.exb, /home/nikola/transfer/mici_princ/MP_21.txt.txt, /home/nikola/transfer/mici_princ/MP_21.txt.json
    output: inspected_exbs_fixed/MP_21.exb
    jobid: 46
    reason: Code has changed since last execution
    wildcards: file=MP_21
    resources: tmpdir=/tmp

[Sat Mar  2 09:38:19 2024]
rule Check:
    input: /home/nikola/transfer/mici_princ/MP_05.exb, /home/nikola/transfer/mici_princ/MP_05.txt.txt, /home/nikola/transfer/mici_princ/MP_05.txt.json
    output: inspected_exbs_fixed/MP_05.exb
    jobid: 16
    reason: Code has changed since last execution
    wildcards: file=MP_05
    resources: tmpdir=/tmp

[Sat Mar  2 09:38:19 2024]
rule Check:
    input: /home/nikola/transfer/mici_princ/MP_07.exb, /home/nikola/transfer/mici_princ/MP_07.txt.txt, /home/nikola/transfer/mici_princ/MP_07.txt.json
    output: inspected_exbs_fixed/MP_07.exb
    jobid: 50
    reason: Code has changed since last execution
    wildcards: file=MP_07
    resources: tmpdir=/tmp

[Sat Mar  2 09:38:19 2024]
rule Check:
    input: /home/nikola/transfer/mici_princ/MP_26.exb, /home/nikola/transfer/mici_princ/MP_26.txt.txt, /home/nikola/transfer/mici_princ/MP_26.txt.json
    output: inspected_exbs_fixed/MP_26.exb
    jobid: 56
    reason: Missing output files: inspected_exbs_fixed/MP_26.exb
    wildcards: file=MP_26
    resources: tmpdir=/tmp

[Sat Mar  2 09:38:19 2024]
rule Check:
    input: /home/nikola/transfer/mici_princ/MP_15.exb, /home/nikola/transfer/mici_princ/MP_15.txt.txt, /home/nikola/transfer/mici_princ/MP_15.txt.json
    output: inspected_exbs_fixed/MP_15.exb
    jobid: 6
    reason: Code has changed since last execution
    wildcards: file=MP_15
    resources: tmpdir=/tmp

[Sat Mar  2 09:38:20 2024]
Finished job 44.
1 of 59 steps (2%) done
Select jobs to execute...

[Sat Mar  2 09:38:20 2024]
rule DoJSON:
    input: inspected_exbs_fixed/MP_25.exb, /home/nikola/transfer/mici_princ/MP_25.txt.txt, /home/nikola/transfer/mici_princ/MP_25.txt, /home/nikola/transfer/mici_princ/MP_25.txt.json
    output: aligned_jsons/MP_25.json
    jobid: 43
    reason: Input files updated by another job: inspected_exbs_fixed/MP_25.exb
    wildcards: file=MP_25
    resources: tmpdir=/tmp

[Sat Mar  2 09:38:20 2024]
Finished job 6.
2 of 59 steps (3%) done
[Sat Mar  2 09:38:20 2024]
Finished job 38.
3 of 59 steps (5%) done
[Sat Mar  2 09:38:20 2024]
Finished job 42.
4 of 59 steps (7%) done
[Sat Mar  2 09:38:20 2024]
Finished job 16.
5 of 59 steps (8%) done
[Sat Mar  2 09:38:20 2024]
Finished job 50.
6 of 59 steps (10%) done
Select jobs to execute...

[Sat Mar  2 09:38:20 2024]
rule DoJSON:
    input: inspected_exbs_fixed/MP_15.exb, /home/nikola/transfer/mici_princ/MP_15.txt.txt, /home/nikola/transfer/mici_princ/MP_15.txt, /home/nikola/transfer/mici_princ/MP_15.txt.json
    output: aligned_jsons/MP_15.json
    jobid: 5
    reason: Input files updated by another job: inspected_exbs_fixed/MP_15.exb
    wildcards: file=MP_15
    resources: tmpdir=/tmp

[Sat Mar  2 09:38:20 2024]
rule DoJSON:
    input: inspected_exbs_fixed/MP_10.exb, /home/nikola/transfer/mici_princ/MP_10.txt.txt, /home/nikola/transfer/mici_princ/MP_10.txt, /home/nikola/transfer/mici_princ/MP_10.txt.json
    output: aligned_jsons/MP_10.json
    jobid: 37
    reason: Input files updated by another job: inspected_exbs_fixed/MP_10.exb
    wildcards: file=MP_10
    resources: tmpdir=/tmp


[Sat Mar  2 09:38:20 2024]
rule DoJSON:
    input: inspected_exbs_fixed/MP_04.exb, /home/nikola/transfer/mici_princ/MP_04.txt.txt, /home/nikola/transfer/mici_princ/MP_04.txt, /home/nikola/transfer/mici_princ/MP_04.txt.json
    output: aligned_jsons/MP_04.json
    jobid: 41
    reason: Input files updated by another job: inspected_exbs_fixed/MP_04.exb
    wildcards: file=MP_04
    resources: tmpdir=/tmp

[Sat Mar  2 09:38:20 2024]
rule DoJSON:
    input: inspected_exbs_fixed/MP_05.exb, /home/nikola/transfer/mici_princ/MP_05.txt.txt, /home/nikola/transfer/mici_princ/MP_05.txt, /home/nikola/transfer/mici_princ/MP_05.txt.json
    output: aligned_jsons/MP_05.json
    jobid: 15
    reason: Input files updated by another job: inspected_exbs_fixed/MP_05.exb
    wildcards: file=MP_05
    resources: tmpdir=/tmp


[Sat Mar  2 09:38:20 2024]
rule DoJSON:
    input: inspected_exbs_fixed/MP_07.exb, /home/nikola/transfer/mici_princ/MP_07.txt.txt, /home/nikola/transfer/mici_princ/MP_07.txt, /home/nikola/transfer/mici_princ/MP_07.txt.json
    output: aligned_jsons/MP_07.json
    jobid: 49
    reason: Input files updated by another job: inspected_exbs_fixed/MP_07.exb
    wildcards: file=MP_07
    resources: tmpdir=/tmp

[Sat Mar  2 09:38:20 2024]
Finished job 56.
7 of 59 steps (12%) done
[Sat Mar  2 09:38:20 2024]
Finished job 40.
8 of 59 steps (14%) done
[Sat Mar  2 09:38:20 2024]
Finished job 46.
9 of 59 steps (15%) done
[Sat Mar  2 09:38:20 2024]
Finished job 12.
10 of 59 steps (17%) done
Select jobs to execute...

[Sat Mar  2 09:38:20 2024]
rule DoJSON:
    input: inspected_exbs_fixed/MP_26.exb, /home/nikola/transfer/mici_princ/MP_26.txt.txt, /home/nikola/transfer/mici_princ/MP_26.txt, /home/nikola/transfer/mici_princ/MP_26.txt.json
    output: aligned_jsons/MP_26.json
    jobid: 55
    reason: Missing output files: aligned_jsons/MP_26.json; Input files updated by another job: inspected_exbs_fixed/MP_26.exb
    wildcards: file=MP_26
    resources: tmpdir=/tmp

[Sat Mar  2 09:38:20 2024]
rule DoJSON:
    input: inspected_exbs_fixed/MP_21.exb, /home/nikola/transfer/mici_princ/MP_21.txt.txt, /home/nikola/transfer/mici_princ/MP_21.txt, /home/nikola/transfer/mici_princ/MP_21.txt.json
    output: aligned_jsons/MP_21.json
    jobid: 45
    reason: Input files updated by another job: inspected_exbs_fixed/MP_21.exb
    wildcards: file=MP_21
    resources: tmpdir=/tmp

[Sat Mar  2 09:38:20 2024]
rule DoJSON:
    input: inspected_exbs_fixed/MP_14.exb, /home/nikola/transfer/mici_princ/MP_14.txt.txt, /home/nikola/transfer/mici_princ/MP_14.txt, /home/nikola/transfer/mici_princ/MP_14.txt.json
    output: aligned_jsons/MP_14.json
    jobid: 39
    reason: Input files updated by another job: inspected_exbs_fixed/MP_14.exb
    wildcards: file=MP_14
    resources: tmpdir=/tmp


[Sat Mar  2 09:38:20 2024]
rule DoJSON:
    input: inspected_exbs_fixed/MP_13.exb, /home/nikola/transfer/mici_princ/MP_13.txt.txt, /home/nikola/transfer/mici_princ/MP_13.txt, /home/nikola/transfer/mici_princ/MP_13.txt.json
    output: aligned_jsons/MP_13.json
    jobid: 11
    reason: Input files updated by another job: inspected_exbs_fixed/MP_13.exb
    wildcards: file=MP_13
    resources: tmpdir=/tmp

Select jobs to execute...
[Sat Mar  2 09:38:23 2024]
Finished job 41.
11 of 59 steps (19%) done

[Sat Mar  2 09:38:23 2024]
rule Check:
    input: /home/nikola/transfer/mici_princ/MP_08.exb, /home/nikola/transfer/mici_princ/MP_08.txt.txt, /home/nikola/transfer/mici_princ/MP_08.txt.json
    output: inspected_exbs_fixed/MP_08.exb
    jobid: 8
    reason: Code has changed since last execution
    wildcards: file=MP_08
    resources: tmpdir=/tmp

[Sat Mar  2 09:38:23 2024]
Finished job 39.
12 of 59 steps (20%) done
Select jobs to execute...

[Sat Mar  2 09:38:23 2024]
rule Check:
    input: /home/nikola/transfer/mici_princ/MP_24.exb, /home/nikola/transfer/mici_princ/MP_24.txt.txt, /home/nikola/transfer/mici_princ/MP_24.txt.json
    output: inspected_exbs_fixed/MP_24.exb
    jobid: 28
    reason: Missing output files: inspected_exbs_fixed/MP_24.exb
    wildcards: file=MP_24
    resources: tmpdir=/tmp

[Sat Mar  2 09:38:23 2024]
Finished job 5.
13 of 59 steps (22%) done
Select jobs to execute...

[Sat Mar  2 09:38:23 2024]
rule Check:
    input: /home/nikola/transfer/mici_princ/MP_02.exb, /home/nikola/transfer/mici_princ/MP_02.txt.txt, /home/nikola/transfer/mici_princ/MP_02.txt.json
    output: inspected_exbs_fixed/MP_02.exb
    jobid: 58
    reason: Code has changed since last execution
    wildcards: file=MP_02
    resources: tmpdir=/tmp

[Sat Mar  2 09:38:23 2024]
Finished job 49.
14 of 59 steps (24%) done
Select jobs to execute...

[Sat Mar  2 09:38:23 2024]
rule Check:
    input: /home/nikola/transfer/mici_princ/MP_17.exb, /home/nikola/transfer/mici_princ/MP_17.txt.txt, /home/nikola/transfer/mici_princ/MP_17.txt.json
    output: inspected_exbs_fixed/MP_17.exb
    jobid: 10
    reason: Code has changed since last execution
    wildcards: file=MP_17
    resources: tmpdir=/tmp

[Sat Mar  2 09:38:23 2024]
Finished job 15.
15 of 59 steps (25%) done
Select jobs to execute...

[Sat Mar  2 09:38:23 2024]
rule Check:
    input: /home/nikola/transfer/mici_princ/MP_01.exb, /home/nikola/transfer/mici_princ/MP_01.txt.txt, /home/nikola/transfer/mici_princ/MP_01.txt.json
    output: inspected_exbs_fixed/MP_01.exb
    jobid: 48
    reason: Code has changed since last execution
    wildcards: file=MP_01
    resources: tmpdir=/tmp

[Sat Mar  2 09:38:23 2024]
Finished job 43.
16 of 59 steps (27%) done
Select jobs to execute...

[Sat Mar  2 09:38:23 2024]
rule Check:
    input: /home/nikola/transfer/mici_princ/MP_09.exb, /home/nikola/transfer/mici_princ/MP_09.txt.txt, /home/nikola/transfer/mici_princ/MP_09.txt.json
    output: inspected_exbs_fixed/MP_09.exb
    jobid: 52
    reason: Code has changed since last execution
    wildcards: file=MP_09
    resources: tmpdir=/tmp

[Sat Mar  2 09:38:23 2024]
Finished job 45.
17 of 59 steps (29%) done
Select jobs to execute...

[Sat Mar  2 09:38:23 2024]
rule Check:
    input: /home/nikola/transfer/mici_princ/MP_03.exb, /home/nikola/transfer/mici_princ/MP_03.txt.txt, /home/nikola/transfer/mici_princ/MP_03.txt.json
    output: inspected_exbs_fixed/MP_03.exb
    jobid: 2
    reason: Code has changed since last execution
    wildcards: file=MP_03
    resources: tmpdir=/tmp

[Sat Mar  2 09:38:23 2024]
Finished job 37.
18 of 59 steps (31%) done
Select jobs to execute...

[Sat Mar  2 09:38:23 2024]
rule Check:
    input: /home/nikola/transfer/mici_princ/MP_16.exb, /home/nikola/transfer/mici_princ/MP_16.txt.txt, /home/nikola/transfer/mici_princ/MP_16.txt.json
    output: inspected_exbs_fixed/MP_16.exb
    jobid: 32
    reason: Code has changed since last execution
    wildcards: file=MP_16
    resources: tmpdir=/tmp

[Sat Mar  2 09:38:23 2024]
Finished job 11.
19 of 59 steps (32%) done
Select jobs to execute...

[Sat Mar  2 09:38:23 2024]
rule Check:
    input: /home/nikola/transfer/mici_princ/MP_27.exb, /home/nikola/transfer/mici_princ/MP_27.txt.txt, /home/nikola/transfer/mici_princ/MP_27.txt.json
    output: inspected_exbs_fixed/MP_27.exb
    jobid: 34
    reason: Missing output files: inspected_exbs_fixed/MP_27.exb
    wildcards: file=MP_27
    resources: tmpdir=/tmp

[Sat Mar  2 09:38:23 2024]
Finished job 55.
20 of 59 steps (34%) done
Select jobs to execute...

[Sat Mar  2 09:38:23 2024]
rule Check:
    input: /home/nikola/transfer/mici_princ/MP_20.exb, /home/nikola/transfer/mici_princ/MP_20.txt.txt, /home/nikola/transfer/mici_princ/MP_20.txt.json
    output: inspected_exbs_fixed/MP_20.exb
    jobid: 36
    reason: Code has changed since last execution
    wildcards: file=MP_20
    resources: tmpdir=/tmp

[Sat Mar  2 09:38:23 2024]
Finished job 8.
21 of 59 steps (36%) done
Select jobs to execute...

[Sat Mar  2 09:38:23 2024]
rule DoJSON:
    input: inspected_exbs_fixed/MP_08.exb, /home/nikola/transfer/mici_princ/MP_08.txt.txt, /home/nikola/transfer/mici_princ/MP_08.txt, /home/nikola/transfer/mici_princ/MP_08.txt.json
    output: aligned_jsons/MP_08.json
    jobid: 7
    reason: Input files updated by another job: inspected_exbs_fixed/MP_08.exb
    wildcards: file=MP_08
    resources: tmpdir=/tmp

[Sat Mar  2 09:38:23 2024]
Finished job 28.
22 of 59 steps (37%) done
Select jobs to execute...

[Sat Mar  2 09:38:23 2024]
rule DoJSON:
    input: inspected_exbs_fixed/MP_24.exb, /home/nikola/transfer/mici_princ/MP_24.txt.txt, /home/nikola/transfer/mici_princ/MP_24.txt, /home/nikola/transfer/mici_princ/MP_24.txt.json
    output: aligned_jsons/MP_24.json
    jobid: 27
    reason: Missing output files: aligned_jsons/MP_24.json; Input files updated by another job: inspected_exbs_fixed/MP_24.exb
    wildcards: file=MP_24
    resources: tmpdir=/tmp

[Sat Mar  2 09:38:23 2024]
Finished job 10.
23 of 59 steps (39%) done
[Sat Mar  2 09:38:23 2024]
Finished job 58.
24 of 59 steps (41%) done
[Sat Mar  2 09:38:23 2024]
Finished job 2.
25 of 59 steps (42%) done
[Sat Mar  2 09:38:23 2024]
Finished job 48.
26 of 59 steps (44%) done
Select jobs to execute...

[Sat Mar  2 09:38:23 2024]
rule DoJSON:
    input: inspected_exbs_fixed/MP_03.exb, /home/nikola/transfer/mici_princ/MP_03.txt.txt, /home/nikola/transfer/mici_princ/MP_03.txt, /home/nikola/transfer/mici_princ/MP_03.txt.json
    output: aligned_jsons/MP_03.json
    jobid: 1
    reason: Input files updated by another job: inspected_exbs_fixed/MP_03.exb
    wildcards: file=MP_03
    resources: tmpdir=/tmp

[Sat Mar  2 09:38:23 2024]
rule DoJSON:
    input: inspected_exbs_fixed/MP_17.exb, /home/nikola/transfer/mici_princ/MP_17.txt.txt, /home/nikola/transfer/mici_princ/MP_17.txt, /home/nikola/transfer/mici_princ/MP_17.txt.json
    output: aligned_jsons/MP_17.json
    jobid: 9
    reason: Input files updated by another job: inspected_exbs_fixed/MP_17.exb
    wildcards: file=MP_17
    resources: tmpdir=/tmp


[Sat Mar  2 09:38:23 2024]
rule DoJSON:
    input: inspected_exbs_fixed/MP_01.exb, /home/nikola/transfer/mici_princ/MP_01.txt.txt, /home/nikola/transfer/mici_princ/MP_01.txt, /home/nikola/transfer/mici_princ/MP_01.txt.json
    output: aligned_jsons/MP_01.json
    jobid: 47
    reason: Input files updated by another job: inspected_exbs_fixed/MP_01.exb
    wildcards: file=MP_01
    resources: tmpdir=/tmp


[Sat Mar  2 09:38:23 2024]
rule DoJSON:
    input: inspected_exbs_fixed/MP_02.exb, /home/nikola/transfer/mici_princ/MP_02.txt.txt, /home/nikola/transfer/mici_princ/MP_02.txt, /home/nikola/transfer/mici_princ/MP_02.txt.json
    output: aligned_jsons/MP_02.json
    jobid: 57
    reason: Input files updated by another job: inspected_exbs_fixed/MP_02.exb
    wildcards: file=MP_02
    resources: tmpdir=/tmp

[Sat Mar  2 09:38:23 2024]
Finished job 32.
27 of 59 steps (46%) done
[Sat Mar  2 09:38:23 2024]
Finished job 34.
28 of 59 steps (47%) done
Select jobs to execute...

[Sat Mar  2 09:38:23 2024]
rule DoJSON:
    input: inspected_exbs_fixed/MP_16.exb, /home/nikola/transfer/mici_princ/MP_16.txt.txt, /home/nikola/transfer/mici_princ/MP_16.txt, /home/nikola/transfer/mici_princ/MP_16.txt.json
    output: aligned_jsons/MP_16.json
    jobid: 31
    reason: Input files updated by another job: inspected_exbs_fixed/MP_16.exb
    wildcards: file=MP_16
    resources: tmpdir=/tmp

[Sat Mar  2 09:38:23 2024]
rule DoJSON:
    input: inspected_exbs_fixed/MP_27.exb, /home/nikola/transfer/mici_princ/MP_27.txt.txt, /home/nikola/transfer/mici_princ/MP_27.txt, /home/nikola/transfer/mici_princ/MP_27.txt.json
    output: aligned_jsons/MP_27.json
    jobid: 33
    reason: Missing output files: aligned_jsons/MP_27.json; Input files updated by another job: inspected_exbs_fixed/MP_27.exb
    wildcards: file=MP_27
    resources: tmpdir=/tmp

Select jobs to execute...
[Sat Mar  2 09:38:23 2024]
Finished job 52.
29 of 59 steps (49%) done

[Sat Mar  2 09:38:23 2024]
rule DoJSON:
    input: inspected_exbs_fixed/MP_09.exb, /home/nikola/transfer/mici_princ/MP_09.txt.txt, /home/nikola/transfer/mici_princ/MP_09.txt, /home/nikola/transfer/mici_princ/MP_09.txt.json
    output: aligned_jsons/MP_09.json
    jobid: 51
    reason: Input files updated by another job: inspected_exbs_fixed/MP_09.exb
    wildcards: file=MP_09
    resources: tmpdir=/tmp

[Sat Mar  2 09:38:23 2024]
Finished job 36.
30 of 59 steps (51%) done
Select jobs to execute...

[Sat Mar  2 09:38:23 2024]
rule DoJSON:
    input: inspected_exbs_fixed/MP_20.exb, /home/nikola/transfer/mici_princ/MP_20.txt.txt, /home/nikola/transfer/mici_princ/MP_20.txt, /home/nikola/transfer/mici_princ/MP_20.txt.json
    output: aligned_jsons/MP_20.json
    jobid: 35
    reason: Input files updated by another job: inspected_exbs_fixed/MP_20.exb
    wildcards: file=MP_20
    resources: tmpdir=/tmp

[Sat Mar  2 09:38:24 2024]
Finished job 1.
31 of 59 steps (53%) done
Select jobs to execute...

[Sat Mar  2 09:38:24 2024]
rule Check:
    input: /home/nikola/transfer/mici_princ/MP_11.exb, /home/nikola/transfer/mici_princ/MP_11.txt.txt, /home/nikola/transfer/mici_princ/MP_11.txt.json
    output: inspected_exbs_fixed/MP_11.exb
    jobid: 54
    reason: Code has changed since last execution
    wildcards: file=MP_11
    resources: tmpdir=/tmp

[Sat Mar  2 09:38:24 2024]
Finished job 35.
32 of 59 steps (54%) done
Select jobs to execute...

[Sat Mar  2 09:38:24 2024]
rule Check:
    input: /home/nikola/transfer/mici_princ/MP_00.exb, /home/nikola/transfer/mici_princ/MP_00.txt.txt, /home/nikola/transfer/mici_princ/MP_00.txt.json
    output: inspected_exbs_fixed/MP_00.exb
    jobid: 26
    reason: Code has changed since last execution
    wildcards: file=MP_00
    resources: tmpdir=/tmp

[Sat Mar  2 09:38:24 2024]
Finished job 33.
33 of 59 steps (56%) done
[Sat Mar  2 09:38:24 2024]
Finished job 47.
34 of 59 steps (58%) done
Select jobs to execute...

[Sat Mar  2 09:38:24 2024]
rule Check:
    input: /home/nikola/transfer/mici_princ/MP_06.exb, /home/nikola/transfer/mici_princ/MP_06.txt.txt, /home/nikola/transfer/mici_princ/MP_06.txt.json
    output: inspected_exbs_fixed/MP_06.exb
    jobid: 14
    reason: Code has changed since last execution
    wildcards: file=MP_06
    resources: tmpdir=/tmp

[Sat Mar  2 09:38:24 2024]
rule Check:
    input: /home/nikola/transfer/mici_princ/MP_22.exb, /home/nikola/transfer/mici_princ/MP_22.txt.txt, /home/nikola/transfer/mici_princ/MP_22.txt.json
    output: inspected_exbs_fixed/MP_22.exb
    jobid: 18
    reason: Missing output files: inspected_exbs_fixed/MP_22.exb
    wildcards: file=MP_22
    resources: tmpdir=/tmp

[Sat Mar  2 09:38:24 2024]
Finished job 51.
35 of 59 steps (59%) done
[Sat Mar  2 09:38:24 2024]
Finished job 9.
36 of 59 steps (61%) done
Select jobs to execute...

[Sat Mar  2 09:38:24 2024]
rule Check:
    input: /home/nikola/transfer/mici_princ/MP_19.exb, /home/nikola/transfer/mici_princ/MP_19.txt.txt, /home/nikola/transfer/mici_princ/MP_19.txt.json
    output: inspected_exbs_fixed/MP_19.exb
    jobid: 22
    reason: Code has changed since last execution
    wildcards: file=MP_19
    resources: tmpdir=/tmp

[Sat Mar  2 09:38:24 2024]
rule Check:
    input: /home/nikola/transfer/mici_princ/MP_23.exb, /home/nikola/transfer/mici_princ/MP_23.txt.txt, /home/nikola/transfer/mici_princ/MP_23.txt.json
    output: inspected_exbs_fixed/MP_23.exb
    jobid: 24
    reason: Missing output files: inspected_exbs_fixed/MP_23.exb
    wildcards: file=MP_23
    resources: tmpdir=/tmp

[Sat Mar  2 09:38:24 2024]
Finished job 57.
37 of 59 steps (63%) done
[Sat Mar  2 09:38:24 2024]
Finished job 7.
38 of 59 steps (64%) done
[Sat Mar  2 09:38:24 2024]
Finished job 27.
39 of 59 steps (66%) done
Select jobs to execute...

[Sat Mar  2 09:38:24 2024]
rule Check:
    input: /home/nikola/transfer/mici_princ/MP_18.exb, /home/nikola/transfer/mici_princ/MP_18.txt.txt, /home/nikola/transfer/mici_princ/MP_18.txt.json
    output: inspected_exbs_fixed/MP_18.exb
    jobid: 20
    reason: Code has changed since last execution
    wildcards: file=MP_18
    resources: tmpdir=/tmp

[Sat Mar  2 09:38:24 2024]
rule Check:
    input: /home/nikola/transfer/mici_princ/MP_28.exb, /home/nikola/transfer/mici_princ/MP_28.txt.txt, /home/nikola/transfer/mici_princ/MP_28.txt.json
    output: inspected_exbs_fixed/MP_28.exb
    jobid: 30
    reason: Missing output files: inspected_exbs_fixed/MP_28.exb
    wildcards: file=MP_28
    resources: tmpdir=/tmp

[Sat Mar  2 09:38:24 2024]
rule Check:
    input: /home/nikola/transfer/mici_princ/MP_12.exb, /home/nikola/transfer/mici_princ/MP_12.txt.txt, /home/nikola/transfer/mici_princ/MP_12.txt.json
    output: inspected_exbs_fixed/MP_12.exb
    jobid: 4
    reason: Updated input files: /home/nikola/transfer/mici_princ/MP_12.exb
    wildcards: file=MP_12
    resources: tmpdir=/tmp

[Sat Mar  2 09:38:24 2024]
Finished job 31.
40 of 59 steps (68%) done
[Sat Mar  2 09:38:24 2024]
Finished job 54.
41 of 59 steps (69%) done
Select jobs to execute...

[Sat Mar  2 09:38:24 2024]
rule DoJSON:
    input: inspected_exbs_fixed/MP_11.exb, /home/nikola/transfer/mici_princ/MP_11.txt.txt, /home/nikola/transfer/mici_princ/MP_11.txt, /home/nikola/transfer/mici_princ/MP_11.txt.json
    output: aligned_jsons/MP_11.json
    jobid: 53
    reason: Input files updated by another job: inspected_exbs_fixed/MP_11.exb
    wildcards: file=MP_11
    resources: tmpdir=/tmp

[Sat Mar  2 09:38:24 2024]
Finished job 26.
42 of 59 steps (71%) done
Select jobs to execute...

[Sat Mar  2 09:38:24 2024]
rule DoJSON:
    input: inspected_exbs_fixed/MP_00.exb, /home/nikola/transfer/mici_princ/MP_00.txt.txt, /home/nikola/transfer/mici_princ/MP_00.txt, /home/nikola/transfer/mici_princ/MP_00.txt.json
    output: aligned_jsons/MP_00.json
    jobid: 25
    reason: Input files updated by another job: inspected_exbs_fixed/MP_00.exb
    wildcards: file=MP_00
    resources: tmpdir=/tmp

Waiting at most 5 seconds for missing files.
MissingOutputException in rule Check in file /home/rupnik/mici_princ/snakefile, line 9:
Job 18  completed successfully, but some output files are missing. Missing files after 5 seconds. This might be due to filesystem latency. If that is the case, consider to increase the wait time with --latency-wait:
inspected_exbs_fixed/MP_22.exb
[Sat Mar  2 09:38:29 2024]
Finished job 14.
43 of 59 steps (73%) done
[Sat Mar  2 09:38:29 2024]
Finished job 22.
44 of 59 steps (75%) done
[Sat Mar  2 09:38:29 2024]
Finished job 20.
45 of 59 steps (76%) done
[Sat Mar  2 09:38:29 2024]
Finished job 4.
46 of 59 steps (78%) done
[Sat Mar  2 09:38:29 2024]
Finished job 30.
47 of 59 steps (80%) done
[Sat Mar  2 09:38:29 2024]
Finished job 53.
48 of 59 steps (81%) done
[Sat Mar  2 09:38:29 2024]
Finished job 25.
49 of 59 steps (83%) done
[Sat Mar  2 09:38:29 2024]
Finished job 24.
50 of 59 steps (85%) done
Shutting down, this might take some time.
Exiting because a job execution failed. Look above for error message
Complete log: .snakemake/log/2024-03-02T093819.317357.snakemake.log
