Building DAG of jobs...
Using shell: /usr/bin/bash
Provided cores: 1 (use --cores to define parallelism)
Rules claiming more threads will be scaled down.
Job stats:
job       count    min threads    max threads
------  -------  -------------  -------------
Check        17              1              1
Gather        1              1              1
total        18              1              1

Select jobs to execute...

[Thu Feb 29 11:24:45 2024]
rule Check:
    input: /home/nikola/transfer/mici_princ/MP_10.exb, /home/nikola/transfer/mici_princ/MP_10.txt.txt, /home/nikola/transfer/mici_princ/MP_10.txt.json
    output: inspected_exbs_fixed/MP_10.exb
    jobid: 9
    reason: Missing output files: inspected_exbs_fixed/MP_10.exb
    wildcards: file=MP_10
    resources: tmpdir=/tmp

[Thu Feb 29 11:24:46 2024]
Finished job 9.
1 of 18 steps (6%) done
Select jobs to execute...

[Thu Feb 29 11:24:46 2024]
rule Check:
    input: /home/nikola/transfer/mici_princ/MP_07.exb, /home/nikola/transfer/mici_princ/MP_07.txt.txt, /home/nikola/transfer/mici_princ/MP_07.txt.json
    output: inspected_exbs_fixed/MP_07.exb
    jobid: 14
    reason: Missing output files: inspected_exbs_fixed/MP_07.exb
    wildcards: file=MP_07
    resources: tmpdir=/tmp

[Thu Feb 29 11:24:46 2024]
Finished job 14.
2 of 18 steps (11%) done
Select jobs to execute...

[Thu Feb 29 11:24:46 2024]
rule Check:
    input: /home/nikola/transfer/mici_princ/MP_13.exb, /home/nikola/transfer/mici_princ/MP_13.txt.txt, /home/nikola/transfer/mici_princ/MP_13.txt.json
    output: inspected_exbs_fixed/MP_13.exb
    jobid: 5
    reason: Missing output files: inspected_exbs_fixed/MP_13.exb
    wildcards: file=MP_13
    resources: tmpdir=/tmp

[Thu Feb 29 11:24:46 2024]
Finished job 5.
3 of 18 steps (17%) done
Select jobs to execute...

[Thu Feb 29 11:24:46 2024]
rule Check:
    input: /home/nikola/transfer/mici_princ/MP_15.exb, /home/nikola/transfer/mici_princ/MP_15.txt.txt, /home/nikola/transfer/mici_princ/MP_15.txt.json
    output: inspected_exbs_fixed/MP_15.exb
    jobid: 3
    reason: Missing output files: inspected_exbs_fixed/MP_15.exb
    wildcards: file=MP_15
    resources: tmpdir=/tmp

[Thu Feb 29 11:24:46 2024]
Finished job 3.
4 of 18 steps (22%) done
Select jobs to execute...

[Thu Feb 29 11:24:46 2024]
rule Check:
    input: /home/nikola/transfer/mici_princ/MP_04.exb, /home/nikola/transfer/mici_princ/MP_04.txt.txt, /home/nikola/transfer/mici_princ/MP_04.txt.json
    output: inspected_exbs_fixed/MP_04.exb
    jobid: 11
    reason: Missing output files: inspected_exbs_fixed/MP_04.exb
    wildcards: file=MP_04
    resources: tmpdir=/tmp

[Thu Feb 29 11:24:47 2024]
Finished job 11.
5 of 18 steps (28%) done
Select jobs to execute...

[Thu Feb 29 11:24:47 2024]
rule Check:
    input: /home/nikola/transfer/mici_princ/MP_05.exb, /home/nikola/transfer/mici_princ/MP_05.txt.txt, /home/nikola/transfer/mici_princ/MP_05.txt.json
    output: inspected_exbs_fixed/MP_05.exb
    jobid: 7
    reason: Missing output files: inspected_exbs_fixed/MP_05.exb
    wildcards: file=MP_05
    resources: tmpdir=/tmp

[Thu Feb 29 11:24:47 2024]
Error in rule Check:
    jobid: 7
    input: /home/nikola/transfer/mici_princ/MP_05.exb, /home/nikola/transfer/mici_princ/MP_05.txt.txt, /home/nikola/transfer/mici_princ/MP_05.txt.json
    output: inspected_exbs_fixed/MP_05.exb

Shutting down, this might take some time.
Exiting because a job execution failed. Look above for error message
Complete log: .snakemake/log/2024-02-29T112445.758898.snakemake.log
