Building DAG of jobs...
Using shell: /usr/bin/bash
Provided cores: 1 (use --cores to define parallelism)
Rules claiming more threads will be scaled down.
Job stats:
job            count    min threads    max threads
-----------  -------  -------------  -------------
Check             16              1              1
DoJSON            16              1              1
GatherJsons        1              1              1
total             33              1              1

Select jobs to execute...

[Fri Mar  1 13:39:43 2024]
rule Check:
    input: /home/nikola/transfer/mici_princ/MP_10.exb, /home/nikola/transfer/mici_princ/MP_10.txt.txt, /home/nikola/transfer/mici_princ/MP_10.txt.json
    output: inspected_exbs_fixed/MP_10.exb
    jobid: 18
    reason: Forced execution
    wildcards: file=MP_10
    resources: tmpdir=/tmp

[Fri Mar  1 13:39:43 2024]
Finished job 18.
1 of 33 steps (3%) done
Select jobs to execute...

[Fri Mar  1 13:39:43 2024]
rule DoJSON:
    input: inspected_exbs_fixed/MP_10.exb, /home/nikola/transfer/mici_princ/MP_10.txt.txt, /home/nikola/transfer/mici_princ/MP_10.txt, /home/nikola/transfer/mici_princ/MP_10.txt.json
    output: aligned_jsons/MP_10.json
    jobid: 17
    reason: Input files updated by another job: inspected_exbs_fixed/MP_10.exb
    wildcards: file=MP_10
    resources: tmpdir=/tmp

[Fri Mar  1 13:39:43 2024]
Finished job 17.
2 of 33 steps (6%) done
Select jobs to execute...

[Fri Mar  1 13:39:43 2024]
rule Check:
    input: /home/nikola/transfer/mici_princ/MP_07.exb, /home/nikola/transfer/mici_princ/MP_07.txt.txt, /home/nikola/transfer/mici_princ/MP_07.txt.json
    output: inspected_exbs_fixed/MP_07.exb
    jobid: 26
    reason: Forced execution
    wildcards: file=MP_07
    resources: tmpdir=/tmp

[Fri Mar  1 13:39:44 2024]
Finished job 26.
3 of 33 steps (9%) done
Select jobs to execute...

[Fri Mar  1 13:39:44 2024]
rule DoJSON:
    input: inspected_exbs_fixed/MP_07.exb, /home/nikola/transfer/mici_princ/MP_07.txt.txt, /home/nikola/transfer/mici_princ/MP_07.txt, /home/nikola/transfer/mici_princ/MP_07.txt.json
    output: aligned_jsons/MP_07.json
    jobid: 25
    reason: Input files updated by another job: inspected_exbs_fixed/MP_07.exb
    wildcards: file=MP_07
    resources: tmpdir=/tmp

[Fri Mar  1 13:39:44 2024]
Finished job 25.
4 of 33 steps (12%) done
Select jobs to execute...

[Fri Mar  1 13:39:44 2024]
rule Check:
    input: /home/nikola/transfer/mici_princ/MP_13.exb, /home/nikola/transfer/mici_princ/MP_13.txt.txt, /home/nikola/transfer/mici_princ/MP_13.txt.json
    output: inspected_exbs_fixed/MP_13.exb
    jobid: 10
    reason: Forced execution
    wildcards: file=MP_13
    resources: tmpdir=/tmp

[Fri Mar  1 13:39:45 2024]
Finished job 10.
5 of 33 steps (15%) done
Select jobs to execute...

[Fri Mar  1 13:39:45 2024]
rule DoJSON:
    input: inspected_exbs_fixed/MP_13.exb, /home/nikola/transfer/mici_princ/MP_13.txt.txt, /home/nikola/transfer/mici_princ/MP_13.txt, /home/nikola/transfer/mici_princ/MP_13.txt.json
    output: aligned_jsons/MP_13.json
    jobid: 9
    reason: Input files updated by another job: inspected_exbs_fixed/MP_13.exb
    wildcards: file=MP_13
    resources: tmpdir=/tmp

[Fri Mar  1 13:39:45 2024]
Finished job 9.
6 of 33 steps (18%) done
Select jobs to execute...

[Fri Mar  1 13:39:45 2024]
rule Check:
    input: /home/nikola/transfer/mici_princ/MP_15.exb, /home/nikola/transfer/mici_princ/MP_15.txt.txt, /home/nikola/transfer/mici_princ/MP_15.txt.json
    output: inspected_exbs_fixed/MP_15.exb
    jobid: 6
    reason: Forced execution
    wildcards: file=MP_15
    resources: tmpdir=/tmp

[Fri Mar  1 13:39:45 2024]
Finished job 6.
7 of 33 steps (21%) done
Select jobs to execute...

[Fri Mar  1 13:39:45 2024]
rule DoJSON:
    input: inspected_exbs_fixed/MP_15.exb, /home/nikola/transfer/mici_princ/MP_15.txt.txt, /home/nikola/transfer/mici_princ/MP_15.txt, /home/nikola/transfer/mici_princ/MP_15.txt.json
    output: aligned_jsons/MP_15.json
    jobid: 5
    reason: Input files updated by another job: inspected_exbs_fixed/MP_15.exb
    wildcards: file=MP_15
    resources: tmpdir=/tmp

[Fri Mar  1 13:39:46 2024]
Finished job 5.
8 of 33 steps (24%) done
Select jobs to execute...

[Fri Mar  1 13:39:46 2024]
rule Check:
    input: /home/nikola/transfer/mici_princ/MP_04.exb, /home/nikola/transfer/mici_princ/MP_04.txt.txt, /home/nikola/transfer/mici_princ/MP_04.txt.json
    output: inspected_exbs_fixed/MP_04.exb
    jobid: 22
    reason: Forced execution
    wildcards: file=MP_04
    resources: tmpdir=/tmp

[Fri Mar  1 13:39:46 2024]
Finished job 22.
9 of 33 steps (27%) done
Select jobs to execute...

[Fri Mar  1 13:39:46 2024]
rule DoJSON:
    input: inspected_exbs_fixed/MP_04.exb, /home/nikola/transfer/mici_princ/MP_04.txt.txt, /home/nikola/transfer/mici_princ/MP_04.txt, /home/nikola/transfer/mici_princ/MP_04.txt.json
    output: aligned_jsons/MP_04.json
    jobid: 21
    reason: Input files updated by another job: inspected_exbs_fixed/MP_04.exb
    wildcards: file=MP_04
    resources: tmpdir=/tmp

[Fri Mar  1 13:39:47 2024]
Finished job 21.
10 of 33 steps (30%) done
Select jobs to execute...

[Fri Mar  1 13:39:47 2024]
rule Check:
    input: /home/nikola/transfer/mici_princ/MP_05.exb, /home/nikola/transfer/mici_princ/MP_05.txt.txt, /home/nikola/transfer/mici_princ/MP_05.txt.json
    output: inspected_exbs_fixed/MP_05.exb
    jobid: 14
    reason: Forced execution
    wildcards: file=MP_05
    resources: tmpdir=/tmp

[Fri Mar  1 13:39:47 2024]
Finished job 14.
11 of 33 steps (33%) done
Select jobs to execute...

[Fri Mar  1 13:39:47 2024]
rule DoJSON:
    input: inspected_exbs_fixed/MP_05.exb, /home/nikola/transfer/mici_princ/MP_05.txt.txt, /home/nikola/transfer/mici_princ/MP_05.txt, /home/nikola/transfer/mici_princ/MP_05.txt.json
    output: aligned_jsons/MP_05.json
    jobid: 13
    reason: Input files updated by another job: inspected_exbs_fixed/MP_05.exb
    wildcards: file=MP_05
    resources: tmpdir=/tmp

[Fri Mar  1 13:39:47 2024]
Finished job 13.
12 of 33 steps (36%) done
Select jobs to execute...

[Fri Mar  1 13:39:47 2024]
rule Check:
    input: /home/nikola/transfer/mici_princ/MP_14.exb, /home/nikola/transfer/mici_princ/MP_14.txt.txt, /home/nikola/transfer/mici_princ/MP_14.txt.json
    output: inspected_exbs_fixed/MP_14.exb
    jobid: 20
    reason: Forced execution
    wildcards: file=MP_14
    resources: tmpdir=/tmp

[Fri Mar  1 13:39:48 2024]
Finished job 20.
13 of 33 steps (39%) done
Select jobs to execute...

[Fri Mar  1 13:39:48 2024]
rule DoJSON:
    input: inspected_exbs_fixed/MP_14.exb, /home/nikola/transfer/mici_princ/MP_14.txt.txt, /home/nikola/transfer/mici_princ/MP_14.txt, /home/nikola/transfer/mici_princ/MP_14.txt.json
    output: aligned_jsons/MP_14.json
    jobid: 19
    reason: Input files updated by another job: inspected_exbs_fixed/MP_14.exb
    wildcards: file=MP_14
    resources: tmpdir=/tmp

[Fri Mar  1 13:39:48 2024]
Finished job 19.
14 of 33 steps (42%) done
Select jobs to execute...

[Fri Mar  1 13:39:48 2024]
rule Check:
    input: /home/nikola/transfer/mici_princ/MP_08.exb, /home/nikola/transfer/mici_princ/MP_08.txt.txt, /home/nikola/transfer/mici_princ/MP_08.txt.json
    output: inspected_exbs_fixed/MP_08.exb
    jobid: 8
    reason: Forced execution
    wildcards: file=MP_08
    resources: tmpdir=/tmp

[Fri Mar  1 13:39:48 2024]
Finished job 8.
15 of 33 steps (45%) done
Select jobs to execute...

[Fri Mar  1 13:39:48 2024]
rule DoJSON:
    input: inspected_exbs_fixed/MP_08.exb, /home/nikola/transfer/mici_princ/MP_08.txt.txt, /home/nikola/transfer/mici_princ/MP_08.txt, /home/nikola/transfer/mici_princ/MP_08.txt.json
    output: aligned_jsons/MP_08.json
    jobid: 7
    reason: Input files updated by another job: inspected_exbs_fixed/MP_08.exb
    wildcards: file=MP_08
    resources: tmpdir=/tmp

[Fri Mar  1 13:39:49 2024]
Finished job 7.
16 of 33 steps (48%) done
Select jobs to execute...

[Fri Mar  1 13:39:49 2024]
rule Check:
    input: /home/nikola/transfer/mici_princ/MP_02.exb, /home/nikola/transfer/mici_princ/MP_02.txt.txt, /home/nikola/transfer/mici_princ/MP_02.txt.json
    output: inspected_exbs_fixed/MP_02.exb
    jobid: 32
    reason: Forced execution
    wildcards: file=MP_02
    resources: tmpdir=/tmp

[Fri Mar  1 13:39:49 2024]
Finished job 32.
17 of 33 steps (52%) done
Select jobs to execute...

[Fri Mar  1 13:39:49 2024]
rule DoJSON:
    input: inspected_exbs_fixed/MP_02.exb, /home/nikola/transfer/mici_princ/MP_02.txt.txt, /home/nikola/transfer/mici_princ/MP_02.txt, /home/nikola/transfer/mici_princ/MP_02.txt.json
    output: aligned_jsons/MP_02.json
    jobid: 31
    reason: Input files updated by another job: inspected_exbs_fixed/MP_02.exb
    wildcards: file=MP_02
    resources: tmpdir=/tmp

[Fri Mar  1 13:39:50 2024]
Finished job 31.
18 of 33 steps (55%) done
Select jobs to execute...

[Fri Mar  1 13:39:50 2024]
rule Check:
    input: /home/nikola/transfer/mici_princ/MP_01.exb, /home/nikola/transfer/mici_princ/MP_01.txt.txt, /home/nikola/transfer/mici_princ/MP_01.txt.json
    output: inspected_exbs_fixed/MP_01.exb
    jobid: 24
    reason: Forced execution
    wildcards: file=MP_01
    resources: tmpdir=/tmp

[Fri Mar  1 13:39:50 2024]
Finished job 24.
19 of 33 steps (58%) done
Select jobs to execute...

[Fri Mar  1 13:39:50 2024]
rule DoJSON:
    input: inspected_exbs_fixed/MP_01.exb, /home/nikola/transfer/mici_princ/MP_01.txt.txt, /home/nikola/transfer/mici_princ/MP_01.txt, /home/nikola/transfer/mici_princ/MP_01.txt.json
    output: aligned_jsons/MP_01.json
    jobid: 23
    reason: Input files updated by another job: inspected_exbs_fixed/MP_01.exb
    wildcards: file=MP_01
    resources: tmpdir=/tmp

[Fri Mar  1 13:39:51 2024]
Finished job 23.
20 of 33 steps (61%) done
Select jobs to execute...

[Fri Mar  1 13:39:51 2024]
rule Check:
    input: /home/nikola/transfer/mici_princ/MP_09.exb, /home/nikola/transfer/mici_princ/MP_09.txt.txt, /home/nikola/transfer/mici_princ/MP_09.txt.json
    output: inspected_exbs_fixed/MP_09.exb
    jobid: 28
    reason: Forced execution
    wildcards: file=MP_09
    resources: tmpdir=/tmp

[Fri Mar  1 13:39:51 2024]
Finished job 28.
21 of 33 steps (64%) done
Select jobs to execute...

[Fri Mar  1 13:39:51 2024]
rule DoJSON:
    input: inspected_exbs_fixed/MP_09.exb, /home/nikola/transfer/mici_princ/MP_09.txt.txt, /home/nikola/transfer/mici_princ/MP_09.txt, /home/nikola/transfer/mici_princ/MP_09.txt.json
    output: aligned_jsons/MP_09.json
    jobid: 27
    reason: Input files updated by another job: inspected_exbs_fixed/MP_09.exb
    wildcards: file=MP_09
    resources: tmpdir=/tmp

[Fri Mar  1 13:39:51 2024]
Finished job 27.
22 of 33 steps (67%) done
Select jobs to execute...

[Fri Mar  1 13:39:51 2024]
rule Check:
    input: /home/nikola/transfer/mici_princ/MP_03.exb, /home/nikola/transfer/mici_princ/MP_03.txt.txt, /home/nikola/transfer/mici_princ/MP_03.txt.json
    output: inspected_exbs_fixed/MP_03.exb
    jobid: 2
    reason: Forced execution
    wildcards: file=MP_03
    resources: tmpdir=/tmp

[Fri Mar  1 13:39:52 2024]
Finished job 2.
23 of 33 steps (70%) done
Select jobs to execute...

[Fri Mar  1 13:39:52 2024]
rule DoJSON:
    input: inspected_exbs_fixed/MP_03.exb, /home/nikola/transfer/mici_princ/MP_03.txt.txt, /home/nikola/transfer/mici_princ/MP_03.txt, /home/nikola/transfer/mici_princ/MP_03.txt.json
    output: aligned_jsons/MP_03.json
    jobid: 1
    reason: Input files updated by another job: inspected_exbs_fixed/MP_03.exb
    wildcards: file=MP_03
    resources: tmpdir=/tmp

[Fri Mar  1 13:39:52 2024]
Finished job 1.
24 of 33 steps (73%) done
Select jobs to execute...

[Fri Mar  1 13:39:52 2024]
rule Check:
    input: /home/nikola/transfer/mici_princ/MP_11.exb, /home/nikola/transfer/mici_princ/MP_11.txt.txt, /home/nikola/transfer/mici_princ/MP_11.txt.json
    output: inspected_exbs_fixed/MP_11.exb
    jobid: 30
    reason: Forced execution
    wildcards: file=MP_11
    resources: tmpdir=/tmp

[Fri Mar  1 13:39:52 2024]
Finished job 30.
25 of 33 steps (76%) done
Select jobs to execute...

[Fri Mar  1 13:39:52 2024]
rule DoJSON:
    input: inspected_exbs_fixed/MP_11.exb, /home/nikola/transfer/mici_princ/MP_11.txt.txt, /home/nikola/transfer/mici_princ/MP_11.txt, /home/nikola/transfer/mici_princ/MP_11.txt.json
    output: aligned_jsons/MP_11.json
    jobid: 29
    reason: Input files updated by another job: inspected_exbs_fixed/MP_11.exb
    wildcards: file=MP_11
    resources: tmpdir=/tmp

[Fri Mar  1 13:39:53 2024]
Finished job 29.
26 of 33 steps (79%) done
Select jobs to execute...

[Fri Mar  1 13:39:53 2024]
rule Check:
    input: /home/nikola/transfer/mici_princ/MP_00.exb, /home/nikola/transfer/mici_princ/MP_00.txt.txt, /home/nikola/transfer/mici_princ/MP_00.txt.json
    output: inspected_exbs_fixed/MP_00.exb
    jobid: 16
    reason: Forced execution
    wildcards: file=MP_00
    resources: tmpdir=/tmp

[Fri Mar  1 13:39:53 2024]
Finished job 16.
27 of 33 steps (82%) done
Select jobs to execute...

[Fri Mar  1 13:39:53 2024]
rule DoJSON:
    input: inspected_exbs_fixed/MP_00.exb, /home/nikola/transfer/mici_princ/MP_00.txt.txt, /home/nikola/transfer/mici_princ/MP_00.txt, /home/nikola/transfer/mici_princ/MP_00.txt.json
    output: aligned_jsons/MP_00.json
    jobid: 15
    reason: Input files updated by another job: inspected_exbs_fixed/MP_00.exb
    wildcards: file=MP_00
    resources: tmpdir=/tmp

[Fri Mar  1 13:39:54 2024]
Finished job 15.
28 of 33 steps (85%) done
Select jobs to execute...

[Fri Mar  1 13:39:54 2024]
rule Check:
    input: /home/nikola/transfer/mici_princ/MP_06.exb, /home/nikola/transfer/mici_princ/MP_06.txt.txt, /home/nikola/transfer/mici_princ/MP_06.txt.json
    output: inspected_exbs_fixed/MP_06.exb
    jobid: 12
    reason: Forced execution
    wildcards: file=MP_06
    resources: tmpdir=/tmp

[Fri Mar  1 13:39:54 2024]
Finished job 12.
29 of 33 steps (88%) done
Select jobs to execute...

[Fri Mar  1 13:39:54 2024]
rule DoJSON:
    input: inspected_exbs_fixed/MP_06.exb, /home/nikola/transfer/mici_princ/MP_06.txt.txt, /home/nikola/transfer/mici_princ/MP_06.txt, /home/nikola/transfer/mici_princ/MP_06.txt.json
    output: aligned_jsons/MP_06.json
    jobid: 11
    reason: Input files updated by another job: inspected_exbs_fixed/MP_06.exb
    wildcards: file=MP_06
    resources: tmpdir=/tmp

[Fri Mar  1 13:39:54 2024]
Finished job 11.
30 of 33 steps (91%) done
Select jobs to execute...

[Fri Mar  1 13:39:54 2024]
rule Check:
    input: /home/nikola/transfer/mici_princ/MP_12.exb, /home/nikola/transfer/mici_princ/MP_12.txt.txt, /home/nikola/transfer/mici_princ/MP_12.txt.json
    output: inspected_exbs_fixed/MP_12.exb
    jobid: 4
    reason: Forced execution
    wildcards: file=MP_12
    resources: tmpdir=/tmp

[Fri Mar  1 13:39:55 2024]
Finished job 4.
31 of 33 steps (94%) done
Select jobs to execute...

[Fri Mar  1 13:39:55 2024]
rule DoJSON:
    input: inspected_exbs_fixed/MP_12.exb, /home/nikola/transfer/mici_princ/MP_12.txt.txt, /home/nikola/transfer/mici_princ/MP_12.txt, /home/nikola/transfer/mici_princ/MP_12.txt.json
    output: aligned_jsons/MP_12.json
    jobid: 3
    reason: Input files updated by another job: inspected_exbs_fixed/MP_12.exb
    wildcards: file=MP_12
    resources: tmpdir=/tmp

[Fri Mar  1 13:39:55 2024]
Finished job 3.
32 of 33 steps (97%) done
Select jobs to execute...

[Fri Mar  1 13:39:55 2024]
rule GatherJsons:
    input: aligned_jsons/MP_03.json, aligned_jsons/MP_12.json, aligned_jsons/MP_15.json, aligned_jsons/MP_08.json, aligned_jsons/MP_13.json, aligned_jsons/MP_06.json, aligned_jsons/MP_05.json, aligned_jsons/MP_00.json, aligned_jsons/MP_10.json, aligned_jsons/MP_14.json, aligned_jsons/MP_04.json, aligned_jsons/MP_01.json, aligned_jsons/MP_07.json, aligned_jsons/MP_09.json, aligned_jsons/MP_11.json, aligned_jsons/MP_02.json
    jobid: 0
    reason: Input files updated by another job: aligned_jsons/MP_15.json, aligned_jsons/MP_13.json, aligned_jsons/MP_03.json, aligned_jsons/MP_08.json, aligned_jsons/MP_02.json, aligned_jsons/MP_12.json, aligned_jsons/MP_05.json, aligned_jsons/MP_10.json, aligned_jsons/MP_11.json, aligned_jsons/MP_14.json, aligned_jsons/MP_07.json, aligned_jsons/MP_09.json, aligned_jsons/MP_04.json, aligned_jsons/MP_00.json, aligned_jsons/MP_01.json, aligned_jsons/MP_06.json
    resources: tmpdir=/tmp

[Fri Mar  1 13:39:56 2024]
Finished job 0.
33 of 33 steps (100%) done
Complete log: .snakemake/log/2024-03-01T133942.957764.snakemake.log
