Building DAG of jobs...
Using shell: /usr/bin/bash
Provided cores: 10
Rules claiming more threads will be scaled down.
Job stats:
job            count    min threads    max threads
-----------  -------  -------------  -------------
Check             22              1              1
DoJSON            22              1              1
GatherJsons        1              1              1
total             45              1              1

Select jobs to execute...

[Fri Mar  1 22:00:06 2024]
rule Check:
    input: /home/nikola/transfer/mici_princ/MP_07.exb, /home/nikola/transfer/mici_princ/MP_07.txt.txt, /home/nikola/transfer/mici_princ/MP_07.txt.json
    output: inspected_exbs_fixed/MP_07.exb
    jobid: 38
    reason: Forced execution
    wildcards: file=MP_07
    resources: tmpdir=/tmp

[Fri Mar  1 22:00:06 2024]
rule Check:
    input: /home/nikola/transfer/mici_princ/MP_08.exb, /home/nikola/transfer/mici_princ/MP_08.txt.txt, /home/nikola/transfer/mici_princ/MP_08.txt.json
    output: inspected_exbs_fixed/MP_08.exb
    jobid: 8
    reason: Forced execution
    wildcards: file=MP_08
    resources: tmpdir=/tmp

[Fri Mar  1 22:00:06 2024]
rule Check:
    input: /home/nikola/transfer/mici_princ/MP_13.exb, /home/nikola/transfer/mici_princ/MP_13.txt.txt, /home/nikola/transfer/mici_princ/MP_13.txt.json
    output: inspected_exbs_fixed/MP_13.exb
    jobid: 12
    reason: Forced execution
    wildcards: file=MP_13
    resources: tmpdir=/tmp

[Fri Mar  1 22:00:06 2024]
rule Check:
    input: /home/nikola/transfer/mici_princ/MP_02.exb, /home/nikola/transfer/mici_princ/MP_02.txt.txt, /home/nikola/transfer/mici_princ/MP_02.txt.json
    output: inspected_exbs_fixed/MP_02.exb
    jobid: 44
    reason: Forced execution
    wildcards: file=MP_02
    resources: tmpdir=/tmp

[Fri Mar  1 22:00:06 2024]
rule Check:
    input: /home/nikola/transfer/mici_princ/MP_05.exb, /home/nikola/transfer/mici_princ/MP_05.txt.txt, /home/nikola/transfer/mici_princ/MP_05.txt.json
    output: inspected_exbs_fixed/MP_05.exb
    jobid: 16
    reason: Forced execution
    wildcards: file=MP_05
    resources: tmpdir=/tmp

[Fri Mar  1 22:00:06 2024]
rule Check:
    input: /home/nikola/transfer/mici_princ/MP_15.exb, /home/nikola/transfer/mici_princ/MP_15.txt.txt, /home/nikola/transfer/mici_princ/MP_15.txt.json
    output: inspected_exbs_fixed/MP_15.exb
    jobid: 6
    reason: Forced execution
    wildcards: file=MP_15
    resources: tmpdir=/tmp

[Fri Mar  1 22:00:06 2024]
rule Check:
    input: /home/nikola/transfer/mici_princ/MP_10.exb, /home/nikola/transfer/mici_princ/MP_10.txt.txt, /home/nikola/transfer/mici_princ/MP_10.txt.json
    output: inspected_exbs_fixed/MP_10.exb
    jobid: 28
    reason: Forced execution
    wildcards: file=MP_10
    resources: tmpdir=/tmp

[Fri Mar  1 22:00:06 2024]
rule Check:
    input: /home/nikola/transfer/mici_princ/MP_14.exb, /home/nikola/transfer/mici_princ/MP_14.txt.txt, /home/nikola/transfer/mici_princ/MP_14.txt.json
    output: inspected_exbs_fixed/MP_14.exb
    jobid: 30
    reason: Forced execution
    wildcards: file=MP_14
    resources: tmpdir=/tmp

[Fri Mar  1 22:00:06 2024]
rule Check:
    input: /home/nikola/transfer/mici_princ/MP_04.exb, /home/nikola/transfer/mici_princ/MP_04.txt.txt, /home/nikola/transfer/mici_princ/MP_04.txt.json
    output: inspected_exbs_fixed/MP_04.exb
    jobid: 32
    reason: Forced execution
    wildcards: file=MP_04
    resources: tmpdir=/tmp

[Fri Mar  1 22:00:06 2024]
rule Check:
    input: /home/nikola/transfer/mici_princ/MP_21.exb, /home/nikola/transfer/mici_princ/MP_21.txt.txt, /home/nikola/transfer/mici_princ/MP_21.txt.json
    output: inspected_exbs_fixed/MP_21.exb
    jobid: 34
    reason: Forced execution
    wildcards: file=MP_21
    resources: tmpdir=/tmp

[Fri Mar  1 22:00:08 2024]
Finished job 28.
1 of 45 steps (2%) done
[Fri Mar  1 22:00:08 2024]
Finished job 16.
2 of 45 steps (4%) done
[Fri Mar  1 22:00:08 2024]
Finished job 6.
3 of 45 steps (7%) done
Select jobs to execute...

[Fri Mar  1 22:00:08 2024]
rule DoJSON:
    input: inspected_exbs_fixed/MP_05.exb, /home/nikola/transfer/mici_princ/MP_05.txt.txt, /home/nikola/transfer/mici_princ/MP_05.txt, /home/nikola/transfer/mici_princ/MP_05.txt.json
    output: aligned_jsons/MP_05.json
    jobid: 15
    reason: Input files updated by another job: inspected_exbs_fixed/MP_05.exb
    wildcards: file=MP_05
    resources: tmpdir=/tmp

[Fri Mar  1 22:00:08 2024]
rule DoJSON:
    input: inspected_exbs_fixed/MP_15.exb, /home/nikola/transfer/mici_princ/MP_15.txt.txt, /home/nikola/transfer/mici_princ/MP_15.txt, /home/nikola/transfer/mici_princ/MP_15.txt.json
    output: aligned_jsons/MP_15.json
    jobid: 5
    reason: Input files updated by another job: inspected_exbs_fixed/MP_15.exb
    wildcards: file=MP_15
    resources: tmpdir=/tmp

[Fri Mar  1 22:00:08 2024]
rule DoJSON:
    input: inspected_exbs_fixed/MP_10.exb, /home/nikola/transfer/mici_princ/MP_10.txt.txt, /home/nikola/transfer/mici_princ/MP_10.txt, /home/nikola/transfer/mici_princ/MP_10.txt.json
    output: aligned_jsons/MP_10.json
    jobid: 27
    reason: Input files updated by another job: inspected_exbs_fixed/MP_10.exb
    wildcards: file=MP_10
    resources: tmpdir=/tmp

[Fri Mar  1 22:00:08 2024]
Finished job 8.
4 of 45 steps (9%) done
[Fri Mar  1 22:00:08 2024]
Finished job 32.
5 of 45 steps (11%) done
[Fri Mar  1 22:00:08 2024]
Finished job 38.
6 of 45 steps (13%) done
[Fri Mar  1 22:00:08 2024]
Finished job 44.
7 of 45 steps (16%) done
[Fri Mar  1 22:00:08 2024]
Finished job 12.
8 of 45 steps (18%) done
[Fri Mar  1 22:00:08 2024]
Finished job 30.
9 of 45 steps (20%) done
[Fri Mar  1 22:00:08 2024]
Finished job 34.
10 of 45 steps (22%) done
Select jobs to execute...

[Fri Mar  1 22:00:08 2024]
rule DoJSON:
    input: inspected_exbs_fixed/MP_14.exb, /home/nikola/transfer/mici_princ/MP_14.txt.txt, /home/nikola/transfer/mici_princ/MP_14.txt, /home/nikola/transfer/mici_princ/MP_14.txt.json
    output: aligned_jsons/MP_14.json
    jobid: 29
    reason: Input files updated by another job: inspected_exbs_fixed/MP_14.exb
    wildcards: file=MP_14
    resources: tmpdir=/tmp

[Fri Mar  1 22:00:08 2024]
rule DoJSON:
    input: inspected_exbs_fixed/MP_04.exb, /home/nikola/transfer/mici_princ/MP_04.txt.txt, /home/nikola/transfer/mici_princ/MP_04.txt, /home/nikola/transfer/mici_princ/MP_04.txt.json
    output: aligned_jsons/MP_04.json
    jobid: 31
    reason: Input files updated by another job: inspected_exbs_fixed/MP_04.exb
    wildcards: file=MP_04
    resources: tmpdir=/tmp


[Fri Mar  1 22:00:08 2024]
rule DoJSON:
    input: inspected_exbs_fixed/MP_21.exb, /home/nikola/transfer/mici_princ/MP_21.txt.txt, /home/nikola/transfer/mici_princ/MP_21.txt, /home/nikola/transfer/mici_princ/MP_21.txt.json
    output: aligned_jsons/MP_21.json
    jobid: 33
    reason: Missing output files: aligned_jsons/MP_21.json; Input files updated by another job: inspected_exbs_fixed/MP_21.exb
    wildcards: file=MP_21
    resources: tmpdir=/tmp


[Fri Mar  1 22:00:08 2024]
rule DoJSON:
    input: inspected_exbs_fixed/MP_08.exb, /home/nikola/transfer/mici_princ/MP_08.txt.txt, /home/nikola/transfer/mici_princ/MP_08.txt, /home/nikola/transfer/mici_princ/MP_08.txt.json
    output: aligned_jsons/MP_08.json
    jobid: 7
    reason: Input files updated by another job: inspected_exbs_fixed/MP_08.exb
    wildcards: file=MP_08
    resources: tmpdir=/tmp

[Fri Mar  1 22:00:08 2024]
rule DoJSON:
    input: inspected_exbs_fixed/MP_07.exb, /home/nikola/transfer/mici_princ/MP_07.txt.txt, /home/nikola/transfer/mici_princ/MP_07.txt, /home/nikola/transfer/mici_princ/MP_07.txt.json
    output: aligned_jsons/MP_07.json
    jobid: 37
    reason: Input files updated by another job: inspected_exbs_fixed/MP_07.exb
    wildcards: file=MP_07
    resources: tmpdir=/tmp


[Fri Mar  1 22:00:08 2024]
rule DoJSON:
    input: inspected_exbs_fixed/MP_13.exb, /home/nikola/transfer/mici_princ/MP_13.txt.txt, /home/nikola/transfer/mici_princ/MP_13.txt, /home/nikola/transfer/mici_princ/MP_13.txt.json
    output: aligned_jsons/MP_13.json
    jobid: 11
    reason: Input files updated by another job: inspected_exbs_fixed/MP_13.exb
    wildcards: file=MP_13
    resources: tmpdir=/tmp

[Fri Mar  1 22:00:08 2024]
rule DoJSON:
    input: inspected_exbs_fixed/MP_02.exb, /home/nikola/transfer/mici_princ/MP_02.txt.txt, /home/nikola/transfer/mici_princ/MP_02.txt, /home/nikola/transfer/mici_princ/MP_02.txt.json
    output: aligned_jsons/MP_02.json
    jobid: 43
    reason: Input files updated by another job: inspected_exbs_fixed/MP_02.exb
    wildcards: file=MP_02
    resources: tmpdir=/tmp

Select jobs to execute...
[Fri Mar  1 22:00:10 2024]
Finished job 7.
11 of 45 steps (24%) done

[Fri Mar  1 22:00:10 2024]
rule Check:
    input: /home/nikola/transfer/mici_princ/MP_17.exb, /home/nikola/transfer/mici_princ/MP_17.txt.txt, /home/nikola/transfer/mici_princ/MP_17.txt.json
    output: inspected_exbs_fixed/MP_17.exb
    jobid: 10
    reason: Forced execution
    wildcards: file=MP_17
    resources: tmpdir=/tmp

[Fri Mar  1 22:00:10 2024]
Finished job 43.
12 of 45 steps (27%) done
Select jobs to execute...

[Fri Mar  1 22:00:10 2024]
rule Check:
    input: /home/nikola/transfer/mici_princ/MP_01.exb, /home/nikola/transfer/mici_princ/MP_01.txt.txt, /home/nikola/transfer/mici_princ/MP_01.txt.json
    output: inspected_exbs_fixed/MP_01.exb
    jobid: 36
    reason: Forced execution
    wildcards: file=MP_01
    resources: tmpdir=/tmp

[Fri Mar  1 22:00:10 2024]
Finished job 31.
13 of 45 steps (29%) done
Select jobs to execute...

[Fri Mar  1 22:00:10 2024]
rule Check:
    input: /home/nikola/transfer/mici_princ/MP_09.exb, /home/nikola/transfer/mici_princ/MP_09.txt.txt, /home/nikola/transfer/mici_princ/MP_09.txt.json
    output: inspected_exbs_fixed/MP_09.exb
    jobid: 40
    reason: Forced execution
    wildcards: file=MP_09
    resources: tmpdir=/tmp

[Fri Mar  1 22:00:10 2024]
Finished job 29.
14 of 45 steps (31%) done
Select jobs to execute...

[Fri Mar  1 22:00:10 2024]
rule Check:
    input: /home/nikola/transfer/mici_princ/MP_03.exb, /home/nikola/transfer/mici_princ/MP_03.txt.txt, /home/nikola/transfer/mici_princ/MP_03.txt.json
    output: inspected_exbs_fixed/MP_03.exb
    jobid: 2
    reason: Forced execution
    wildcards: file=MP_03
    resources: tmpdir=/tmp

[Fri Mar  1 22:00:10 2024]
Finished job 37.
15 of 45 steps (33%) done
[Fri Mar  1 22:00:10 2024]
Finished job 15.
16 of 45 steps (36%) done
Select jobs to execute...

[Fri Mar  1 22:00:10 2024]
rule Check:
    input: /home/nikola/transfer/mici_princ/MP_16.exb, /home/nikola/transfer/mici_princ/MP_16.txt.txt, /home/nikola/transfer/mici_princ/MP_16.txt.json
    output: inspected_exbs_fixed/MP_16.exb
    jobid: 24
    reason: Forced execution
    wildcards: file=MP_16
    resources: tmpdir=/tmp

[Fri Mar  1 22:00:10 2024]
rule Check:
    input: /home/nikola/transfer/mici_princ/MP_20.exb, /home/nikola/transfer/mici_princ/MP_20.txt.txt, /home/nikola/transfer/mici_princ/MP_20.txt.json
    output: inspected_exbs_fixed/MP_20.exb
    jobid: 26
    reason: Forced execution
    wildcards: file=MP_20
    resources: tmpdir=/tmp

[Fri Mar  1 22:00:10 2024]
Finished job 11.
17 of 45 steps (38%) done
Select jobs to execute...

[Fri Mar  1 22:00:10 2024]
rule Check:
    input: /home/nikola/transfer/mici_princ/MP_11.exb, /home/nikola/transfer/mici_princ/MP_11.txt.txt, /home/nikola/transfer/mici_princ/MP_11.txt.json
    output: inspected_exbs_fixed/MP_11.exb
    jobid: 42
    reason: Forced execution
    wildcards: file=MP_11
    resources: tmpdir=/tmp

[Fri Mar  1 22:00:10 2024]
Finished job 27.
18 of 45 steps (40%) done
Select jobs to execute...

[Fri Mar  1 22:00:10 2024]
rule Check:
    input: /home/nikola/transfer/mici_princ/MP_00.exb, /home/nikola/transfer/mici_princ/MP_00.txt.txt, /home/nikola/transfer/mici_princ/MP_00.txt.json
    output: inspected_exbs_fixed/MP_00.exb
    jobid: 22
    reason: Forced execution
    wildcards: file=MP_00
    resources: tmpdir=/tmp

Select jobs to execute...
[Fri Mar  1 22:00:10 2024]
Finished job 33.
19 of 45 steps (42%) done

[Fri Mar  1 22:00:10 2024]
rule Check:
    input: /home/nikola/transfer/mici_princ/MP_06.exb, /home/nikola/transfer/mici_princ/MP_06.txt.txt, /home/nikola/transfer/mici_princ/MP_06.txt.json
    output: inspected_exbs_fixed/MP_06.exb
    jobid: 14
    reason: Forced execution
    wildcards: file=MP_06
    resources: tmpdir=/tmp

[Fri Mar  1 22:00:10 2024]
Finished job 5.
20 of 45 steps (44%) done
Select jobs to execute...

[Fri Mar  1 22:00:10 2024]
rule Check:
    input: /home/nikola/transfer/mici_princ/MP_19.exb, /home/nikola/transfer/mici_princ/MP_19.txt.txt, /home/nikola/transfer/mici_princ/MP_19.txt.json
    output: inspected_exbs_fixed/MP_19.exb
    jobid: 20
    reason: Forced execution
    wildcards: file=MP_19
    resources: tmpdir=/tmp

[Fri Mar  1 22:00:10 2024]
Finished job 10.
21 of 45 steps (47%) done
Select jobs to execute...

[Fri Mar  1 22:00:10 2024]
rule DoJSON:
    input: inspected_exbs_fixed/MP_17.exb, /home/nikola/transfer/mici_princ/MP_17.txt.txt, /home/nikola/transfer/mici_princ/MP_17.txt, /home/nikola/transfer/mici_princ/MP_17.txt.json
    output: aligned_jsons/MP_17.json
    jobid: 9
    reason: Missing output files: aligned_jsons/MP_17.json; Input files updated by another job: inspected_exbs_fixed/MP_17.exb
    wildcards: file=MP_17
    resources: tmpdir=/tmp

[Fri Mar  1 22:00:10 2024]
Finished job 36.
22 of 45 steps (49%) done
Select jobs to execute...

[Fri Mar  1 22:00:10 2024]
rule DoJSON:
    input: inspected_exbs_fixed/MP_01.exb, /home/nikola/transfer/mici_princ/MP_01.txt.txt, /home/nikola/transfer/mici_princ/MP_01.txt, /home/nikola/transfer/mici_princ/MP_01.txt.json
    output: aligned_jsons/MP_01.json
    jobid: 35
    reason: Input files updated by another job: inspected_exbs_fixed/MP_01.exb
    wildcards: file=MP_01
    resources: tmpdir=/tmp

[Fri Mar  1 22:00:10 2024]
Finished job 40.
23 of 45 steps (51%) done
Select jobs to execute...

[Fri Mar  1 22:00:10 2024]
rule DoJSON:
    input: inspected_exbs_fixed/MP_09.exb, /home/nikola/transfer/mici_princ/MP_09.txt.txt, /home/nikola/transfer/mici_princ/MP_09.txt, /home/nikola/transfer/mici_princ/MP_09.txt.json
    output: aligned_jsons/MP_09.json
    jobid: 39
    reason: Input files updated by another job: inspected_exbs_fixed/MP_09.exb
    wildcards: file=MP_09
    resources: tmpdir=/tmp

[Fri Mar  1 22:00:10 2024]
Finished job 24.
24 of 45 steps (53%) done
Select jobs to execute...

[Fri Mar  1 22:00:10 2024]
rule DoJSON:
    input: inspected_exbs_fixed/MP_16.exb, /home/nikola/transfer/mici_princ/MP_16.txt.txt, /home/nikola/transfer/mici_princ/MP_16.txt, /home/nikola/transfer/mici_princ/MP_16.txt.json
    output: aligned_jsons/MP_16.json
    jobid: 23
    reason: Missing output files: aligned_jsons/MP_16.json; Input files updated by another job: inspected_exbs_fixed/MP_16.exb
    wildcards: file=MP_16
    resources: tmpdir=/tmp

[Fri Mar  1 22:00:10 2024]
Finished job 22.
25 of 45 steps (56%) done
Select jobs to execute...

[Fri Mar  1 22:00:10 2024]
rule DoJSON:
    input: inspected_exbs_fixed/MP_00.exb, /home/nikola/transfer/mici_princ/MP_00.txt.txt, /home/nikola/transfer/mici_princ/MP_00.txt, /home/nikola/transfer/mici_princ/MP_00.txt.json
    output: aligned_jsons/MP_00.json
    jobid: 21
    reason: Input files updated by another job: inspected_exbs_fixed/MP_00.exb
    wildcards: file=MP_00
    resources: tmpdir=/tmp

[Fri Mar  1 22:00:10 2024]
Finished job 26.
26 of 45 steps (58%) done
[Fri Mar  1 22:00:10 2024]
Finished job 42.
27 of 45 steps (60%) done
[Fri Mar  1 22:00:10 2024]
Finished job 2.
28 of 45 steps (62%) done
Select jobs to execute...

[Fri Mar  1 22:00:10 2024]
rule DoJSON:
    input: inspected_exbs_fixed/MP_03.exb, /home/nikola/transfer/mici_princ/MP_03.txt.txt, /home/nikola/transfer/mici_princ/MP_03.txt, /home/nikola/transfer/mici_princ/MP_03.txt.json
    output: aligned_jsons/MP_03.json
    jobid: 1
    reason: Input files updated by another job: inspected_exbs_fixed/MP_03.exb
    wildcards: file=MP_03
    resources: tmpdir=/tmp

[Fri Mar  1 22:00:10 2024]
rule DoJSON:
    input: inspected_exbs_fixed/MP_11.exb, /home/nikola/transfer/mici_princ/MP_11.txt.txt, /home/nikola/transfer/mici_princ/MP_11.txt, /home/nikola/transfer/mici_princ/MP_11.txt.json
    output: aligned_jsons/MP_11.json
    jobid: 41
    reason: Input files updated by another job: inspected_exbs_fixed/MP_11.exb
    wildcards: file=MP_11
    resources: tmpdir=/tmp


[Fri Mar  1 22:00:10 2024]
rule DoJSON:
    input: inspected_exbs_fixed/MP_20.exb, /home/nikola/transfer/mici_princ/MP_20.txt.txt, /home/nikola/transfer/mici_princ/MP_20.txt, /home/nikola/transfer/mici_princ/MP_20.txt.json
    output: aligned_jsons/MP_20.json
    jobid: 25
    reason: Missing output files: aligned_jsons/MP_20.json; Input files updated by another job: inspected_exbs_fixed/MP_20.exb
    wildcards: file=MP_20
    resources: tmpdir=/tmp

[Fri Mar  1 22:00:10 2024]
Finished job 14.
29 of 45 steps (64%) done
[Fri Mar  1 22:00:10 2024]
Finished job 20.
30 of 45 steps (67%) done
Select jobs to execute...

[Fri Mar  1 22:00:10 2024]
rule DoJSON:
    input: inspected_exbs_fixed/MP_06.exb, /home/nikola/transfer/mici_princ/MP_06.txt.txt, /home/nikola/transfer/mici_princ/MP_06.txt, /home/nikola/transfer/mici_princ/MP_06.txt.json
    output: aligned_jsons/MP_06.json
    jobid: 13
    reason: Input files updated by another job: inspected_exbs_fixed/MP_06.exb
    wildcards: file=MP_06
    resources: tmpdir=/tmp


[Fri Mar  1 22:00:10 2024]
rule DoJSON:
    input: inspected_exbs_fixed/MP_19.exb, /home/nikola/transfer/mici_princ/MP_19.txt.txt, /home/nikola/transfer/mici_princ/MP_19.txt, /home/nikola/transfer/mici_princ/MP_19.txt.json
    output: aligned_jsons/MP_19.json
    jobid: 19
    reason: Missing output files: aligned_jsons/MP_19.json; Input files updated by another job: inspected_exbs_fixed/MP_19.exb
    wildcards: file=MP_19
    resources: tmpdir=/tmp

Select jobs to execute...
[Fri Mar  1 22:00:11 2024]
Finished job 9.
31 of 45 steps (69%) done

[Fri Mar  1 22:00:11 2024]
rule Check:
    input: /home/nikola/transfer/mici_princ/MP_18.exb, /home/nikola/transfer/mici_princ/MP_18.txt.txt, /home/nikola/transfer/mici_princ/MP_18.txt.json
    output: inspected_exbs_fixed/MP_18.exb
    jobid: 18
    reason: Forced execution
    wildcards: file=MP_18
    resources: tmpdir=/tmp

[Fri Mar  1 22:00:11 2024]
Finished job 35.
32 of 45 steps (71%) done
Select jobs to execute...

[Fri Mar  1 22:00:11 2024]
rule Check:
    input: /home/nikola/transfer/mici_princ/MP_12.exb, /home/nikola/transfer/mici_princ/MP_12.txt.txt, /home/nikola/transfer/mici_princ/MP_12.txt.json
    output: inspected_exbs_fixed/MP_12.exb
    jobid: 4
    reason: Forced execution
    wildcards: file=MP_12
    resources: tmpdir=/tmp

[Fri Mar  1 22:00:11 2024]
Finished job 41.
33 of 45 steps (73%) done
[Fri Mar  1 22:00:11 2024]
Finished job 39.
34 of 45 steps (76%) done
[Fri Mar  1 22:00:11 2024]
Finished job 21.
35 of 45 steps (78%) done
[Fri Mar  1 22:00:11 2024]
Finished job 25.
36 of 45 steps (80%) done
[Fri Mar  1 22:00:11 2024]
Finished job 23.
37 of 45 steps (82%) done
[Fri Mar  1 22:00:11 2024]
Finished job 1.
38 of 45 steps (84%) done
[Fri Mar  1 22:00:11 2024]
Finished job 19.
39 of 45 steps (87%) done
[Fri Mar  1 22:00:11 2024]
Finished job 13.
40 of 45 steps (89%) done
[Fri Mar  1 22:00:11 2024]
Finished job 18.
41 of 45 steps (91%) done
Select jobs to execute...

[Fri Mar  1 22:00:11 2024]
rule DoJSON:
    input: inspected_exbs_fixed/MP_18.exb, /home/nikola/transfer/mici_princ/MP_18.txt.txt, /home/nikola/transfer/mici_princ/MP_18.txt, /home/nikola/transfer/mici_princ/MP_18.txt.json
    output: aligned_jsons/MP_18.json
    jobid: 17
    reason: Missing output files: aligned_jsons/MP_18.json; Input files updated by another job: inspected_exbs_fixed/MP_18.exb
    wildcards: file=MP_18
    resources: tmpdir=/tmp

[Fri Mar  1 22:00:11 2024]
Finished job 4.
42 of 45 steps (93%) done
Select jobs to execute...

[Fri Mar  1 22:00:11 2024]
rule DoJSON:
    input: inspected_exbs_fixed/MP_12.exb, /home/nikola/transfer/mici_princ/MP_12.txt.txt, /home/nikola/transfer/mici_princ/MP_12.txt, /home/nikola/transfer/mici_princ/MP_12.txt.json
    output: aligned_jsons/MP_12.json
    jobid: 3
    reason: Input files updated by another job: inspected_exbs_fixed/MP_12.exb
    wildcards: file=MP_12
    resources: tmpdir=/tmp

[Fri Mar  1 22:00:11 2024]
Finished job 17.
43 of 45 steps (96%) done
[Fri Mar  1 22:00:11 2024]
Finished job 3.
44 of 45 steps (98%) done
Select jobs to execute...

[Fri Mar  1 22:00:11 2024]
rule GatherJsons:
    input: aligned_jsons/MP_03.json, aligned_jsons/MP_12.json, aligned_jsons/MP_15.json, aligned_jsons/MP_08.json, aligned_jsons/MP_17.json, aligned_jsons/MP_13.json, aligned_jsons/MP_06.json, aligned_jsons/MP_05.json, aligned_jsons/MP_18.json, aligned_jsons/MP_19.json, aligned_jsons/MP_00.json, aligned_jsons/MP_16.json, aligned_jsons/MP_20.json, aligned_jsons/MP_10.json, aligned_jsons/MP_14.json, aligned_jsons/MP_04.json, aligned_jsons/MP_21.json, aligned_jsons/MP_01.json, aligned_jsons/MP_07.json, aligned_jsons/MP_09.json, aligned_jsons/MP_11.json, aligned_jsons/MP_02.json
    jobid: 0
    reason: Input files updated by another job: aligned_jsons/MP_19.json, aligned_jsons/MP_16.json, aligned_jsons/MP_06.json, aligned_jsons/MP_05.json, aligned_jsons/MP_09.json, aligned_jsons/MP_03.json, aligned_jsons/MP_12.json, aligned_jsons/MP_10.json, aligned_jsons/MP_02.json, aligned_jsons/MP_04.json, aligned_jsons/MP_01.json, aligned_jsons/MP_00.json, aligned_jsons/MP_07.json, aligned_jsons/MP_20.json, aligned_jsons/MP_14.json, aligned_jsons/MP_11.json, aligned_jsons/MP_17.json, aligned_jsons/MP_08.json, aligned_jsons/MP_21.json, aligned_jsons/MP_15.json, aligned_jsons/MP_18.json, aligned_jsons/MP_13.json
    resources: tmpdir=/tmp

[Fri Mar  1 22:00:12 2024]
Finished job 0.
45 of 45 steps (100%) done
Complete log: .snakemake/log/2024-03-01T220004.695260.snakemake.log
