Building DAG of jobs...
Using shell: /usr/bin/bash
Provided cores: 10
Rules claiming more threads will be scaled down.
Job stats:
job            count    min threads    max threads
-----------  -------  -------------  -------------
Check             16              1              1
DoJSON            16              1              1
GatherJsons        1              1              1
total             33              1              1

Select jobs to execute...

[Fri Mar  1 13:47:22 2024]
rule Check:
    input: /home/nikola/transfer/mici_princ/MP_08.exb, /home/nikola/transfer/mici_princ/MP_08.txt.txt, /home/nikola/transfer/mici_princ/MP_08.txt.json
    output: inspected_exbs_fixed/MP_08.exb
    jobid: 8
    reason: Forced execution
    wildcards: file=MP_08
    resources: tmpdir=/tmp

[Fri Mar  1 13:47:22 2024]
rule Check:
    input: /home/nikola/transfer/mici_princ/MP_13.exb, /home/nikola/transfer/mici_princ/MP_13.txt.txt, /home/nikola/transfer/mici_princ/MP_13.txt.json
    output: inspected_exbs_fixed/MP_13.exb
    jobid: 10
    reason: Forced execution
    wildcards: file=MP_13
    resources: tmpdir=/tmp

[Fri Mar  1 13:47:22 2024]
rule Check:
    input: /home/nikola/transfer/mici_princ/MP_05.exb, /home/nikola/transfer/mici_princ/MP_05.txt.txt, /home/nikola/transfer/mici_princ/MP_05.txt.json
    output: inspected_exbs_fixed/MP_05.exb
    jobid: 14
    reason: Forced execution
    wildcards: file=MP_05
    resources: tmpdir=/tmp

[Fri Mar  1 13:47:22 2024]
rule Check:
    input: /home/nikola/transfer/mici_princ/MP_10.exb, /home/nikola/transfer/mici_princ/MP_10.txt.txt, /home/nikola/transfer/mici_princ/MP_10.txt.json
    output: inspected_exbs_fixed/MP_10.exb
    jobid: 18
    reason: Forced execution
    wildcards: file=MP_10
    resources: tmpdir=/tmp

[Fri Mar  1 13:47:22 2024]
rule Check:
    input: /home/nikola/transfer/mici_princ/MP_14.exb, /home/nikola/transfer/mici_princ/MP_14.txt.txt, /home/nikola/transfer/mici_princ/MP_14.txt.json
    output: inspected_exbs_fixed/MP_14.exb
    jobid: 20
    reason: Forced execution
    wildcards: file=MP_14
    resources: tmpdir=/tmp

[Fri Mar  1 13:47:22 2024]
rule Check:
    input: /home/nikola/transfer/mici_princ/MP_04.exb, /home/nikola/transfer/mici_princ/MP_04.txt.txt, /home/nikola/transfer/mici_princ/MP_04.txt.json
    output: inspected_exbs_fixed/MP_04.exb
    jobid: 22
    reason: Forced execution
    wildcards: file=MP_04
    resources: tmpdir=/tmp

[Fri Mar  1 13:47:22 2024]
rule Check:
    input: /home/nikola/transfer/mici_princ/MP_01.exb, /home/nikola/transfer/mici_princ/MP_01.txt.txt, /home/nikola/transfer/mici_princ/MP_01.txt.json
    output: inspected_exbs_fixed/MP_01.exb
    jobid: 24
    reason: Forced execution
    wildcards: file=MP_01
    resources: tmpdir=/tmp

[Fri Mar  1 13:47:22 2024]
rule Check:
    input: /home/nikola/transfer/mici_princ/MP_07.exb, /home/nikola/transfer/mici_princ/MP_07.txt.txt, /home/nikola/transfer/mici_princ/MP_07.txt.json
    output: inspected_exbs_fixed/MP_07.exb
    jobid: 26
    reason: Forced execution
    wildcards: file=MP_07
    resources: tmpdir=/tmp

[Fri Mar  1 13:47:22 2024]
rule Check:
    input: /home/nikola/transfer/mici_princ/MP_02.exb, /home/nikola/transfer/mici_princ/MP_02.txt.txt, /home/nikola/transfer/mici_princ/MP_02.txt.json
    output: inspected_exbs_fixed/MP_02.exb
    jobid: 32
    reason: Forced execution
    wildcards: file=MP_02
    resources: tmpdir=/tmp

[Fri Mar  1 13:47:22 2024]
rule Check:
    input: /home/nikola/transfer/mici_princ/MP_15.exb, /home/nikola/transfer/mici_princ/MP_15.txt.txt, /home/nikola/transfer/mici_princ/MP_15.txt.json
    output: inspected_exbs_fixed/MP_15.exb
    jobid: 6
    reason: Forced execution
    wildcards: file=MP_15
    resources: tmpdir=/tmp

[Fri Mar  1 13:47:23 2024]
Finished job 14.
1 of 33 steps (3%) done
Select jobs to execute...

[Fri Mar  1 13:47:23 2024]
rule DoJSON:
    input: inspected_exbs_fixed/MP_05.exb, /home/nikola/transfer/mici_princ/MP_05.txt.txt, /home/nikola/transfer/mici_princ/MP_05.txt, /home/nikola/transfer/mici_princ/MP_05.txt.json
    output: aligned_jsons/MP_05.json
    jobid: 13
    reason: Input files updated by another job: inspected_exbs_fixed/MP_05.exb
    wildcards: file=MP_05
    resources: tmpdir=/tmp

[Fri Mar  1 13:47:23 2024]
Finished job 32.
2 of 33 steps (6%) done
Select jobs to execute...

[Fri Mar  1 13:47:23 2024]
rule DoJSON:
    input: inspected_exbs_fixed/MP_02.exb, /home/nikola/transfer/mici_princ/MP_02.txt.txt, /home/nikola/transfer/mici_princ/MP_02.txt, /home/nikola/transfer/mici_princ/MP_02.txt.json
    output: aligned_jsons/MP_02.json
    jobid: 31
    reason: Input files updated by another job: inspected_exbs_fixed/MP_02.exb
    wildcards: file=MP_02
    resources: tmpdir=/tmp

[Fri Mar  1 13:47:23 2024]
Finished job 18.
3 of 33 steps (9%) done
[Fri Mar  1 13:47:23 2024]
Finished job 26.
4 of 33 steps (12%) done
Select jobs to execute...

[Fri Mar  1 13:47:23 2024]
rule DoJSON:
    input: inspected_exbs_fixed/MP_07.exb, /home/nikola/transfer/mici_princ/MP_07.txt.txt, /home/nikola/transfer/mici_princ/MP_07.txt, /home/nikola/transfer/mici_princ/MP_07.txt.json
    output: aligned_jsons/MP_07.json
    jobid: 25
    reason: Input files updated by another job: inspected_exbs_fixed/MP_07.exb
    wildcards: file=MP_07
    resources: tmpdir=/tmp

[Fri Mar  1 13:47:23 2024]
rule DoJSON:
    input: inspected_exbs_fixed/MP_10.exb, /home/nikola/transfer/mici_princ/MP_10.txt.txt, /home/nikola/transfer/mici_princ/MP_10.txt, /home/nikola/transfer/mici_princ/MP_10.txt.json
    output: aligned_jsons/MP_10.json
    jobid: 17
    reason: Input files updated by another job: inspected_exbs_fixed/MP_10.exb
    wildcards: file=MP_10
    resources: tmpdir=/tmp

[Fri Mar  1 13:47:23 2024]
Finished job 8.
5 of 33 steps (15%) done
[Fri Mar  1 13:47:23 2024]
Finished job 22.
6 of 33 steps (18%) done
[Fri Mar  1 13:47:23 2024]
Finished job 20.
7 of 33 steps (21%) done
Select jobs to execute...

[Fri Mar  1 13:47:23 2024]
rule DoJSON:
    input: inspected_exbs_fixed/MP_04.exb, /home/nikola/transfer/mici_princ/MP_04.txt.txt, /home/nikola/transfer/mici_princ/MP_04.txt, /home/nikola/transfer/mici_princ/MP_04.txt.json
    output: aligned_jsons/MP_04.json
    jobid: 21
    reason: Input files updated by another job: inspected_exbs_fixed/MP_04.exb
    wildcards: file=MP_04
    resources: tmpdir=/tmp

[Fri Mar  1 13:47:23 2024]
rule DoJSON:
    input: inspected_exbs_fixed/MP_14.exb, /home/nikola/transfer/mici_princ/MP_14.txt.txt, /home/nikola/transfer/mici_princ/MP_14.txt, /home/nikola/transfer/mici_princ/MP_14.txt.json
    output: aligned_jsons/MP_14.json
    jobid: 19
    reason: Input files updated by another job: inspected_exbs_fixed/MP_14.exb
    wildcards: file=MP_14
    resources: tmpdir=/tmp


[Fri Mar  1 13:47:23 2024]
rule DoJSON:
    input: inspected_exbs_fixed/MP_08.exb, /home/nikola/transfer/mici_princ/MP_08.txt.txt, /home/nikola/transfer/mici_princ/MP_08.txt, /home/nikola/transfer/mici_princ/MP_08.txt.json
    output: aligned_jsons/MP_08.json
    jobid: 7
    reason: Input files updated by another job: inspected_exbs_fixed/MP_08.exb
    wildcards: file=MP_08
    resources: tmpdir=/tmp

[Fri Mar  1 13:47:23 2024]
Finished job 10.
8 of 33 steps (24%) done
[Fri Mar  1 13:47:23 2024]
Finished job 6.
9 of 33 steps (27%) done
[Fri Mar  1 13:47:23 2024]
Finished job 24.
10 of 33 steps (30%) done
Select jobs to execute...

[Fri Mar  1 13:47:23 2024]
rule DoJSON:
    input: inspected_exbs_fixed/MP_13.exb, /home/nikola/transfer/mici_princ/MP_13.txt.txt, /home/nikola/transfer/mici_princ/MP_13.txt, /home/nikola/transfer/mici_princ/MP_13.txt.json
    output: aligned_jsons/MP_13.json
    jobid: 9
    reason: Input files updated by another job: inspected_exbs_fixed/MP_13.exb
    wildcards: file=MP_13
    resources: tmpdir=/tmp

[Fri Mar  1 13:47:23 2024]
rule DoJSON:
    input: inspected_exbs_fixed/MP_01.exb, /home/nikola/transfer/mici_princ/MP_01.txt.txt, /home/nikola/transfer/mici_princ/MP_01.txt, /home/nikola/transfer/mici_princ/MP_01.txt.json
    output: aligned_jsons/MP_01.json
    jobid: 23
    reason: Input files updated by another job: inspected_exbs_fixed/MP_01.exb
    wildcards: file=MP_01
    resources: tmpdir=/tmp


[Fri Mar  1 13:47:23 2024]
rule DoJSON:
    input: inspected_exbs_fixed/MP_15.exb, /home/nikola/transfer/mici_princ/MP_15.txt.txt, /home/nikola/transfer/mici_princ/MP_15.txt, /home/nikola/transfer/mici_princ/MP_15.txt.json
    output: aligned_jsons/MP_15.json
    jobid: 5
    reason: Input files updated by another job: inspected_exbs_fixed/MP_15.exb
    wildcards: file=MP_15
    resources: tmpdir=/tmp

Select jobs to execute...
[Fri Mar  1 13:47:23 2024]
Error in rule DoJSON:
    jobid: 25
    input: inspected_exbs_fixed/MP_07.exb, /home/nikola/transfer/mici_princ/MP_07.txt.txt, /home/nikola/transfer/mici_princ/MP_07.txt, /home/nikola/transfer/mici_princ/MP_07.txt.json
    output: aligned_jsons/MP_07.json

[Fri Mar  1 13:47:23 2024]
Error in rule DoJSON:
    jobid: 17
    input: inspected_exbs_fixed/MP_10.exb, /home/nikola/transfer/mici_princ/MP_10.txt.txt, /home/nikola/transfer/mici_princ/MP_10.txt, /home/nikola/transfer/mici_princ/MP_10.txt.json
    output: aligned_jsons/MP_10.json

[Fri Mar  1 13:47:23 2024]
Error in rule DoJSON:
    jobid: 13
    input: inspected_exbs_fixed/MP_05.exb, /home/nikola/transfer/mici_princ/MP_05.txt.txt, /home/nikola/transfer/mici_princ/MP_05.txt, /home/nikola/transfer/mici_princ/MP_05.txt.json
    output: aligned_jsons/MP_05.json

[Fri Mar  1 13:47:23 2024]
Error in rule DoJSON:
    jobid: 19
    input: inspected_exbs_fixed/MP_14.exb, /home/nikola/transfer/mici_princ/MP_14.txt.txt, /home/nikola/transfer/mici_princ/MP_14.txt, /home/nikola/transfer/mici_princ/MP_14.txt.json
    output: aligned_jsons/MP_14.json

[Fri Mar  1 13:47:23 2024]
Error in rule DoJSON:
    jobid: 31
    input: inspected_exbs_fixed/MP_02.exb, /home/nikola/transfer/mici_princ/MP_02.txt.txt, /home/nikola/transfer/mici_princ/MP_02.txt, /home/nikola/transfer/mici_princ/MP_02.txt.json
    output: aligned_jsons/MP_02.json

[Fri Mar  1 13:47:23 2024]
Error in rule DoJSON:
    jobid: 21
    input: inspected_exbs_fixed/MP_04.exb, /home/nikola/transfer/mici_princ/MP_04.txt.txt, /home/nikola/transfer/mici_princ/MP_04.txt, /home/nikola/transfer/mici_princ/MP_04.txt.json
    output: aligned_jsons/MP_04.json

[Fri Mar  1 13:47:23 2024]
Error in rule DoJSON:
    jobid: 5
    input: inspected_exbs_fixed/MP_15.exb, /home/nikola/transfer/mici_princ/MP_15.txt.txt, /home/nikola/transfer/mici_princ/MP_15.txt, /home/nikola/transfer/mici_princ/MP_15.txt.json
    output: aligned_jsons/MP_15.json

[Fri Mar  1 13:47:23 2024]
Error in rule DoJSON:
    jobid: 9
    input: inspected_exbs_fixed/MP_13.exb, /home/nikola/transfer/mici_princ/MP_13.txt.txt, /home/nikola/transfer/mici_princ/MP_13.txt, /home/nikola/transfer/mici_princ/MP_13.txt.json
    output: aligned_jsons/MP_13.json

[Fri Mar  1 13:47:24 2024]
Error in rule DoJSON:
    jobid: 7
    input: inspected_exbs_fixed/MP_08.exb, /home/nikola/transfer/mici_princ/MP_08.txt.txt, /home/nikola/transfer/mici_princ/MP_08.txt, /home/nikola/transfer/mici_princ/MP_08.txt.json
    output: aligned_jsons/MP_08.json

[Fri Mar  1 13:47:24 2024]
Error in rule DoJSON:
    jobid: 23
    input: inspected_exbs_fixed/MP_01.exb, /home/nikola/transfer/mici_princ/MP_01.txt.txt, /home/nikola/transfer/mici_princ/MP_01.txt, /home/nikola/transfer/mici_princ/MP_01.txt.json
    output: aligned_jsons/MP_01.json

Shutting down, this might take some time.
Exiting because a job execution failed. Look above for error message
Complete log: .snakemake/log/2024-03-01T134722.808433.snakemake.log
