Building DAG of jobs...
Using shell: /usr/bin/bash
Provided cores: 1 (use --cores to define parallelism)
Rules claiming more threads will be scaled down.
Job stats:
job       count    min threads    max threads
------  -------  -------------  -------------
Check        11              1              1
Gather        1              1              1
total        12              1              1

Select jobs to execute...

[Thu Feb 29 11:34:53 2024]
rule Check:
    input: /home/nikola/transfer/mici_princ/MP_14.exb, /home/nikola/transfer/mici_princ/MP_14.txt.txt, /home/nikola/transfer/mici_princ/MP_14.txt.json
    output: inspected_exbs_fixed/MP_14.exb
    jobid: 10
    reason: Missing output files: inspected_exbs_fixed/MP_14.exb
    wildcards: file=MP_14
    resources: tmpdir=/tmp

Waiting at most 5 seconds for missing files.
Terminating processes on user request, this might take some time.
Complete log: .snakemake/log/2024-02-29T113453.439928.snakemake.log
