Building DAG of jobs...
Using shell: /usr/bin/bash
Provided cores: 1 (use --cores to define parallelism)
Rules claiming more threads will be scaled down.
Job stats:
job            count    min threads    max threads
-----------  -------  -------------  -------------
Check             15              1              1
DoJSON            15              1              1
GatherJsons        1              1              1
total             31              1              1

Select jobs to execute...

[Fri Mar  1 11:29:43 2024]
rule Check:
    input: /home/nikola/transfer/mici_princ/MP_07.exb, /home/nikola/transfer/mici_princ/MP_07.txt.txt, /home/nikola/transfer/mici_princ/MP_07.txt.json
    output: inspected_exbs_fixed/MP_07.exb
    jobid: 26
    reason: Updated input files: /home/nikola/transfer/mici_princ/MP_07.exb
    wildcards: file=MP_07
    resources: tmpdir=/tmp

[Fri Mar  1 11:29:44 2024]
Finished job 26.
1 of 31 steps (3%) done
Select jobs to execute...

[Fri Mar  1 11:29:44 2024]
rule DoJSON:
    input: inspected_exbs_fixed/MP_07.exb, /home/nikola/transfer/mici_princ/MP_07.txt.txt, /home/nikola/transfer/mici_princ/MP_07.txt, /home/nikola/transfer/mici_princ/MP_07.txt.json
    output: aligned_jsons/MP_07.json
    jobid: 25
    reason: Input files updated by another job: inspected_exbs_fixed/MP_07.exb
    wildcards: file=MP_07
    resources: tmpdir=/tmp

[Fri Mar  1 11:29:44 2024]
Finished job 25.
2 of 31 steps (6%) done
Select jobs to execute...

[Fri Mar  1 11:29:44 2024]
rule Check:
    input: /home/nikola/transfer/mici_princ/MP_13.exb, /home/nikola/transfer/mici_princ/MP_13.txt.txt, /home/nikola/transfer/mici_princ/MP_13.txt.json
    output: inspected_exbs_fixed/MP_13.exb
    jobid: 10
    reason: Code has changed since last execution
    wildcards: file=MP_13
    resources: tmpdir=/tmp

[Fri Mar  1 11:29:44 2024]
Finished job 10.
3 of 31 steps (10%) done
Select jobs to execute...

[Fri Mar  1 11:29:44 2024]
rule DoJSON:
    input: inspected_exbs_fixed/MP_13.exb, /home/nikola/transfer/mici_princ/MP_13.txt.txt, /home/nikola/transfer/mici_princ/MP_13.txt, /home/nikola/transfer/mici_princ/MP_13.txt.json
    output: aligned_jsons/MP_13.json
    jobid: 9
    reason: Input files updated by another job: inspected_exbs_fixed/MP_13.exb
    wildcards: file=MP_13
    resources: tmpdir=/tmp

[Fri Mar  1 11:29:45 2024]
Finished job 9.
4 of 31 steps (13%) done
Select jobs to execute...

[Fri Mar  1 11:29:45 2024]
rule Check:
    input: /home/nikola/transfer/mici_princ/MP_15.exb, /home/nikola/transfer/mici_princ/MP_15.txt.txt, /home/nikola/transfer/mici_princ/MP_15.txt.json
    output: inspected_exbs_fixed/MP_15.exb
    jobid: 6
    reason: Code has changed since last execution
    wildcards: file=MP_15
    resources: tmpdir=/tmp

[Fri Mar  1 11:29:45 2024]
Finished job 6.
5 of 31 steps (16%) done
Select jobs to execute...

[Fri Mar  1 11:29:45 2024]
rule DoJSON:
    input: inspected_exbs_fixed/MP_15.exb, /home/nikola/transfer/mici_princ/MP_15.txt.txt, /home/nikola/transfer/mici_princ/MP_15.txt, /home/nikola/transfer/mici_princ/MP_15.txt.json
    output: aligned_jsons/MP_15.json
    jobid: 5
    reason: Input files updated by another job: inspected_exbs_fixed/MP_15.exb
    wildcards: file=MP_15
    resources: tmpdir=/tmp

[Fri Mar  1 11:29:46 2024]
Finished job 5.
6 of 31 steps (19%) done
Select jobs to execute...

[Fri Mar  1 11:29:46 2024]
rule Check:
    input: /home/nikola/transfer/mici_princ/MP_04.exb, /home/nikola/transfer/mici_princ/MP_04.txt.txt, /home/nikola/transfer/mici_princ/MP_04.txt.json
    output: inspected_exbs_fixed/MP_04.exb
    jobid: 22
    reason: Code has changed since last execution
    wildcards: file=MP_04
    resources: tmpdir=/tmp

[Fri Mar  1 11:29:46 2024]
Finished job 22.
7 of 31 steps (23%) done
Select jobs to execute...

[Fri Mar  1 11:29:46 2024]
rule DoJSON:
    input: inspected_exbs_fixed/MP_04.exb, /home/nikola/transfer/mici_princ/MP_04.txt.txt, /home/nikola/transfer/mici_princ/MP_04.txt, /home/nikola/transfer/mici_princ/MP_04.txt.json
    output: aligned_jsons/MP_04.json
    jobid: 21
    reason: Input files updated by another job: inspected_exbs_fixed/MP_04.exb
    wildcards: file=MP_04
    resources: tmpdir=/tmp

[Fri Mar  1 11:29:46 2024]
Finished job 21.
8 of 31 steps (26%) done
Select jobs to execute...

[Fri Mar  1 11:29:46 2024]
rule Check:
    input: /home/nikola/transfer/mici_princ/MP_05.exb, /home/nikola/transfer/mici_princ/MP_05.txt.txt, /home/nikola/transfer/mici_princ/MP_05.txt.json
    output: inspected_exbs_fixed/MP_05.exb
    jobid: 14
    reason: Updated input files: /home/nikola/transfer/mici_princ/MP_05.exb
    wildcards: file=MP_05
    resources: tmpdir=/tmp

[Fri Mar  1 11:29:47 2024]
Finished job 14.
9 of 31 steps (29%) done
Select jobs to execute...

[Fri Mar  1 11:29:47 2024]
rule DoJSON:
    input: inspected_exbs_fixed/MP_05.exb, /home/nikola/transfer/mici_princ/MP_05.txt.txt, /home/nikola/transfer/mici_princ/MP_05.txt, /home/nikola/transfer/mici_princ/MP_05.txt.json
    output: aligned_jsons/MP_05.json
    jobid: 13
    reason: Input files updated by another job: inspected_exbs_fixed/MP_05.exb
    wildcards: file=MP_05
    resources: tmpdir=/tmp

[Fri Mar  1 11:29:47 2024]
Finished job 13.
10 of 31 steps (32%) done
Select jobs to execute...

[Fri Mar  1 11:29:47 2024]
rule Check:
    input: /home/nikola/transfer/mici_princ/MP_14.exb, /home/nikola/transfer/mici_princ/MP_14.txt.txt, /home/nikola/transfer/mici_princ/MP_14.txt.json
    output: inspected_exbs_fixed/MP_14.exb
    jobid: 20
    reason: Code has changed since last execution
    wildcards: file=MP_14
    resources: tmpdir=/tmp

[Fri Mar  1 11:29:47 2024]
Finished job 20.
11 of 31 steps (35%) done
Select jobs to execute...

[Fri Mar  1 11:29:47 2024]
rule DoJSON:
    input: inspected_exbs_fixed/MP_14.exb, /home/nikola/transfer/mici_princ/MP_14.txt.txt, /home/nikola/transfer/mici_princ/MP_14.txt, /home/nikola/transfer/mici_princ/MP_14.txt.json
    output: aligned_jsons/MP_14.json
    jobid: 19
    reason: Input files updated by another job: inspected_exbs_fixed/MP_14.exb
    wildcards: file=MP_14
    resources: tmpdir=/tmp

[Fri Mar  1 11:29:48 2024]
Finished job 19.
12 of 31 steps (39%) done
Select jobs to execute...

[Fri Mar  1 11:29:48 2024]
rule Check:
    input: /home/nikola/transfer/mici_princ/MP_08.exb, /home/nikola/transfer/mici_princ/MP_08.txt.txt, /home/nikola/transfer/mici_princ/MP_08.txt.json
    output: inspected_exbs_fixed/MP_08.exb
    jobid: 8
    reason: Code has changed since last execution
    wildcards: file=MP_08
    resources: tmpdir=/tmp

[Fri Mar  1 11:29:48 2024]
Finished job 8.
13 of 31 steps (42%) done
Select jobs to execute...

[Fri Mar  1 11:29:48 2024]
rule DoJSON:
    input: inspected_exbs_fixed/MP_08.exb, /home/nikola/transfer/mici_princ/MP_08.txt.txt, /home/nikola/transfer/mici_princ/MP_08.txt, /home/nikola/transfer/mici_princ/MP_08.txt.json
    output: aligned_jsons/MP_08.json
    jobid: 7
    reason: Input files updated by another job: inspected_exbs_fixed/MP_08.exb
    wildcards: file=MP_08
    resources: tmpdir=/tmp

[Fri Mar  1 11:29:49 2024]
Finished job 7.
14 of 31 steps (45%) done
Select jobs to execute...

[Fri Mar  1 11:29:49 2024]
rule Check:
    input: /home/nikola/transfer/mici_princ/MP_02.exb, /home/nikola/transfer/mici_princ/MP_02.txt.txt, /home/nikola/transfer/mici_princ/MP_02.txt.json
    output: inspected_exbs_fixed/MP_02.exb
    jobid: 32
    reason: Code has changed since last execution
    wildcards: file=MP_02
    resources: tmpdir=/tmp

[Fri Mar  1 11:29:49 2024]
Finished job 32.
15 of 31 steps (48%) done
Select jobs to execute...

[Fri Mar  1 11:29:49 2024]
rule DoJSON:
    input: inspected_exbs_fixed/MP_02.exb, /home/nikola/transfer/mici_princ/MP_02.txt.txt, /home/nikola/transfer/mici_princ/MP_02.txt, /home/nikola/transfer/mici_princ/MP_02.txt.json
    output: aligned_jsons/MP_02.json
    jobid: 31
    reason: Input files updated by another job: inspected_exbs_fixed/MP_02.exb
    wildcards: file=MP_02
    resources: tmpdir=/tmp

[Fri Mar  1 11:29:50 2024]
Finished job 31.
16 of 31 steps (52%) done
Select jobs to execute...

[Fri Mar  1 11:29:50 2024]
rule Check:
    input: /home/nikola/transfer/mici_princ/MP_01.exb, /home/nikola/transfer/mici_princ/MP_01.txt.txt, /home/nikola/transfer/mici_princ/MP_01.txt.json
    output: inspected_exbs_fixed/MP_01.exb
    jobid: 24
    reason: Code has changed since last execution
    wildcards: file=MP_01
    resources: tmpdir=/tmp

[Fri Mar  1 11:29:50 2024]
Finished job 24.
17 of 31 steps (55%) done
Select jobs to execute...

[Fri Mar  1 11:29:50 2024]
rule DoJSON:
    input: inspected_exbs_fixed/MP_01.exb, /home/nikola/transfer/mici_princ/MP_01.txt.txt, /home/nikola/transfer/mici_princ/MP_01.txt, /home/nikola/transfer/mici_princ/MP_01.txt.json
    output: aligned_jsons/MP_01.json
    jobid: 23
    reason: Input files updated by another job: inspected_exbs_fixed/MP_01.exb
    wildcards: file=MP_01
    resources: tmpdir=/tmp

[Fri Mar  1 11:29:50 2024]
Finished job 23.
18 of 31 steps (58%) done
Select jobs to execute...

[Fri Mar  1 11:29:50 2024]
rule Check:
    input: /home/nikola/transfer/mici_princ/MP_09.exb, /home/nikola/transfer/mici_princ/MP_09.txt.txt, /home/nikola/transfer/mici_princ/MP_09.txt.json
    output: inspected_exbs_fixed/MP_09.exb
    jobid: 28
    reason: Code has changed since last execution
    wildcards: file=MP_09
    resources: tmpdir=/tmp

[Fri Mar  1 11:29:51 2024]
Finished job 28.
19 of 31 steps (61%) done
Select jobs to execute...

[Fri Mar  1 11:29:51 2024]
rule DoJSON:
    input: inspected_exbs_fixed/MP_09.exb, /home/nikola/transfer/mici_princ/MP_09.txt.txt, /home/nikola/transfer/mici_princ/MP_09.txt, /home/nikola/transfer/mici_princ/MP_09.txt.json
    output: aligned_jsons/MP_09.json
    jobid: 27
    reason: Input files updated by another job: inspected_exbs_fixed/MP_09.exb
    wildcards: file=MP_09
    resources: tmpdir=/tmp

[Fri Mar  1 11:29:51 2024]
Finished job 27.
20 of 31 steps (65%) done
Select jobs to execute...

[Fri Mar  1 11:29:51 2024]
rule Check:
    input: /home/nikola/transfer/mici_princ/MP_03.exb, /home/nikola/transfer/mici_princ/MP_03.txt.txt, /home/nikola/transfer/mici_princ/MP_03.txt.json
    output: inspected_exbs_fixed/MP_03.exb
    jobid: 2
    reason: Code has changed since last execution
    wildcards: file=MP_03
    resources: tmpdir=/tmp

[Fri Mar  1 11:29:51 2024]
Finished job 2.
21 of 31 steps (68%) done
Select jobs to execute...

[Fri Mar  1 11:29:51 2024]
rule DoJSON:
    input: inspected_exbs_fixed/MP_03.exb, /home/nikola/transfer/mici_princ/MP_03.txt.txt, /home/nikola/transfer/mici_princ/MP_03.txt, /home/nikola/transfer/mici_princ/MP_03.txt.json
    output: aligned_jsons/MP_03.json
    jobid: 1
    reason: Input files updated by another job: inspected_exbs_fixed/MP_03.exb
    wildcards: file=MP_03
    resources: tmpdir=/tmp

[Fri Mar  1 11:29:52 2024]
Finished job 1.
22 of 31 steps (71%) done
Select jobs to execute...

[Fri Mar  1 11:29:52 2024]
rule Check:
    input: /home/nikola/transfer/mici_princ/MP_11.exb, /home/nikola/transfer/mici_princ/MP_11.txt.txt, /home/nikola/transfer/mici_princ/MP_11.txt.json
    output: inspected_exbs_fixed/MP_11.exb
    jobid: 30
    reason: Code has changed since last execution
    wildcards: file=MP_11
    resources: tmpdir=/tmp

[Fri Mar  1 11:29:52 2024]
Finished job 30.
23 of 31 steps (74%) done
Select jobs to execute...

[Fri Mar  1 11:29:52 2024]
rule DoJSON:
    input: inspected_exbs_fixed/MP_11.exb, /home/nikola/transfer/mici_princ/MP_11.txt.txt, /home/nikola/transfer/mici_princ/MP_11.txt, /home/nikola/transfer/mici_princ/MP_11.txt.json
    output: aligned_jsons/MP_11.json
    jobid: 29
    reason: Input files updated by another job: inspected_exbs_fixed/MP_11.exb
    wildcards: file=MP_11
    resources: tmpdir=/tmp

[Fri Mar  1 11:29:53 2024]
Finished job 29.
24 of 31 steps (77%) done
Select jobs to execute...

[Fri Mar  1 11:29:53 2024]
rule Check:
    input: /home/nikola/transfer/mici_princ/MP_00.exb, /home/nikola/transfer/mici_princ/MP_00.txt.txt, /home/nikola/transfer/mici_princ/MP_00.txt.json
    output: inspected_exbs_fixed/MP_00.exb
    jobid: 16
    reason: Code has changed since last execution
    wildcards: file=MP_00
    resources: tmpdir=/tmp

[Fri Mar  1 11:29:53 2024]
Finished job 16.
25 of 31 steps (81%) done
Select jobs to execute...

[Fri Mar  1 11:29:53 2024]
rule DoJSON:
    input: inspected_exbs_fixed/MP_00.exb, /home/nikola/transfer/mici_princ/MP_00.txt.txt, /home/nikola/transfer/mici_princ/MP_00.txt, /home/nikola/transfer/mici_princ/MP_00.txt.json
    output: aligned_jsons/MP_00.json
    jobid: 15
    reason: Input files updated by another job: inspected_exbs_fixed/MP_00.exb
    wildcards: file=MP_00
    resources: tmpdir=/tmp

[Fri Mar  1 11:29:53 2024]
Finished job 15.
26 of 31 steps (84%) done
Select jobs to execute...

[Fri Mar  1 11:29:53 2024]
rule Check:
    input: /home/nikola/transfer/mici_princ/MP_06.exb, /home/nikola/transfer/mici_princ/MP_06.txt.txt, /home/nikola/transfer/mici_princ/MP_06.txt.json
    output: inspected_exbs_fixed/MP_06.exb
    jobid: 12
    reason: Code has changed since last execution
    wildcards: file=MP_06
    resources: tmpdir=/tmp

[Fri Mar  1 11:29:54 2024]
Finished job 12.
27 of 31 steps (87%) done
Select jobs to execute...

[Fri Mar  1 11:29:54 2024]
rule DoJSON:
    input: inspected_exbs_fixed/MP_06.exb, /home/nikola/transfer/mici_princ/MP_06.txt.txt, /home/nikola/transfer/mici_princ/MP_06.txt, /home/nikola/transfer/mici_princ/MP_06.txt.json
    output: aligned_jsons/MP_06.json
    jobid: 11
    reason: Input files updated by another job: inspected_exbs_fixed/MP_06.exb
    wildcards: file=MP_06
    resources: tmpdir=/tmp

[Fri Mar  1 11:29:54 2024]
Finished job 11.
28 of 31 steps (90%) done
Select jobs to execute...

[Fri Mar  1 11:29:54 2024]
rule Check:
    input: /home/nikola/transfer/mici_princ/MP_12.exb, /home/nikola/transfer/mici_princ/MP_12.txt.txt, /home/nikola/transfer/mici_princ/MP_12.txt.json
    output: inspected_exbs_fixed/MP_12.exb
    jobid: 4
    reason: Code has changed since last execution
    wildcards: file=MP_12
    resources: tmpdir=/tmp

[Fri Mar  1 11:29:54 2024]
Finished job 4.
29 of 31 steps (94%) done
Select jobs to execute...

[Fri Mar  1 11:29:54 2024]
rule DoJSON:
    input: inspected_exbs_fixed/MP_12.exb, /home/nikola/transfer/mici_princ/MP_12.txt.txt, /home/nikola/transfer/mici_princ/MP_12.txt, /home/nikola/transfer/mici_princ/MP_12.txt.json
    output: aligned_jsons/MP_12.json
    jobid: 3
    reason: Input files updated by another job: inspected_exbs_fixed/MP_12.exb
    wildcards: file=MP_12
    resources: tmpdir=/tmp

[Fri Mar  1 11:29:55 2024]
Finished job 3.
30 of 31 steps (97%) done
Select jobs to execute...

[Fri Mar  1 11:29:55 2024]
rule GatherJsons:
    input: aligned_jsons/MP_03.json, aligned_jsons/MP_12.json, aligned_jsons/MP_15.json, aligned_jsons/MP_08.json, aligned_jsons/MP_13.json, aligned_jsons/MP_06.json, aligned_jsons/MP_05.json, aligned_jsons/MP_00.json, aligned_jsons/MP_10.json, aligned_jsons/MP_14.json, aligned_jsons/MP_04.json, aligned_jsons/MP_01.json, aligned_jsons/MP_07.json, aligned_jsons/MP_09.json, aligned_jsons/MP_11.json, aligned_jsons/MP_02.json
    jobid: 0
    reason: Input files updated by another job: aligned_jsons/MP_12.json, aligned_jsons/MP_05.json, aligned_jsons/MP_14.json, aligned_jsons/MP_01.json, aligned_jsons/MP_03.json, aligned_jsons/MP_07.json, aligned_jsons/MP_00.json, aligned_jsons/MP_04.json, aligned_jsons/MP_09.json, aligned_jsons/MP_15.json, aligned_jsons/MP_11.json, aligned_jsons/MP_06.json, aligned_jsons/MP_02.json, aligned_jsons/MP_13.json, aligned_jsons/MP_08.json
    resources: tmpdir=/tmp

[Fri Mar  1 11:29:55 2024]
Finished job 0.
31 of 31 steps (100%) done
Complete log: .snakemake/log/2024-03-01T112943.592069.snakemake.log
